Log file open, 07/23/17 17:50:43
LogInit:Display: Running engine for game: MyProject
LogPlatformFile: Not using cached read wrapper
LogInit:Display: RandInit(1144451625) SRandInit(1144451633).
LogTaskGraph: Started task graph with 5 named threads and 8 total threads with 1 sets of task threads.
LogStats: Stats thread started at 0.066386
LogInit: Using libcurl 7.47.1
LogInit:  - built for x86_64-pc-win32
LogInit:  - supports SSL with OpenSSL/1.0.2g
LogInit:  - supports HTTP deflate (compression) using libz 1.2.8
LogInit:  - other features:
LogInit:      CURL_VERSION_SSL
LogInit:      CURL_VERSION_LIBZ
LogInit:      CURL_VERSION_IPV6
LogInit:      CURL_VERSION_ASYNCHDNS
LogInit:      CURL_VERSION_LARGEFILE
LogInit:      CURL_VERSION_IDN
LogInit:  CurlRequestOptions (configurable via config and command line):
LogInit:  - bVerifyPeer = false  - Libcurl will NOT verify peer certificate
LogInit:  - bUseHttpProxy = false  - Libcurl will NOT use HTTP proxy
LogInit:  - bDontReuseConnections = false  - Libcurl will reuse connections
LogInit:  - CertBundlePath = nullptr  - Libcurl will use whatever was configured at build time.
LogInit: Build: ++UE4+Release-4.15-CL-3348071
LogInit: Engine Version: 4.15.1-3348071+++UE4+Release-4.15
LogInit: Compatible Engine Version: 4.15.0-3299760+++UE4+Release-4.15
LogInit: Net CL: 3299760
LogDevObjectVersion: Number of dev versions registered: 14
LogDevObjectVersion:   Dev-Blueprints (B0D832E4-1F89-4F0D-ACCF-7EB736FD4AA2): 8
LogDevObjectVersion:   Dev-Build (E1C64328-A22C-4D53-A36C-8E866417BD8C): 0
LogDevObjectVersion:   Dev-Core (375EC13C-06E4-48FB-B500-84F0262A717E): 2
LogDevObjectVersion:   Dev-Editor (E4B068ED-F494-42E9-A231-DA0B2E46BB41): 14
LogDevObjectVersion:   Dev-Framework (CFFC743F-43B0-4480-9391-14DF171D2073): 22
LogDevObjectVersion:   Dev-Mobile (B02B49B5-BB20-44E9-A304-32B752E40360): 0
LogDevObjectVersion:   Dev-Networking (A4E4105C-59A1-49B5-A7C5-40C4547EDFEE): 0
LogDevObjectVersion:   Dev-Online (39C831C9-5AE6-47DC-9A44-9C173E1C8E7C): 0
LogDevObjectVersion:   Dev-Physics (78F01B33-EBEA-4F98-B9B4-84EACCB95AA2): 0
LogDevObjectVersion:   Dev-Platform (6631380F-2D4D-43E0-8009-CF276956A95A): 0
LogDevObjectVersion:   Dev-Rendering (12F88B9F-8875-4AFC-A67C-D90C383ABD29): 12
LogDevObjectVersion:   Dev-Sequencer (7B5AE74C-D270-4C10-A958-57980B212A5A): 3
LogDevObjectVersion:   Dev-VR (D7296918-1DD6-4BDD-9DE2-64A83CC13884): 0
LogDevObjectVersion:   Dev-LoadTimes (C2A15278-BFE7-4AFE-6C17-90FF531DF755): 1
LogInit: Compiled (64-bit): Mar 15 2017 16:52:47
LogInit: Compiled with Visual C++: 19.00.23026.00
LogInit: Build Configuration: Development
LogInit: Branch Name: ++UE4+Release-4.15
LogInit: Command line: -EpicPortal 
LogInit: Base directory: D:/Program Files/Epic Games/UE_4.15/Engine/Binaries/Win64/
LogInit: Installed Engine Build: 1
LogInit: Presizing for max 8388607 objects, including 0 objects not considered by GC, pre-allocating 0 bytes for permanent pool.
LogInit: Object subsystem initialized
[2017.07.23-16.50.43:862][  0]LogInit: Selected Device Profile: [Windows]
[2017.07.23-16.50.43:862][  0]LogInit: Applying CVar settings loaded from the selected device profile: [Windows]
[2017.07.23-16.50.43:870][  0]LogInit: Computer: FAWAZ-PC
[2017.07.23-16.50.43:870][  0]LogInit: User: Fawaz
[2017.07.23-16.50.43:870][  0]LogInit: CPU Page size=65536, Cores=4
[2017.07.23-16.50.43:870][  0]LogInit: High frequency timer resolution =14.318180 MHz
[2017.07.23-16.50.43:870][  0]LogMemory: Memory total: Physical=15.9GB (16GB approx)
[2017.07.23-16.50.43:870][  0]LogMemory: Platform Memory Stats for Windows
[2017.07.23-16.50.43:870][  0]LogMemory: Process Physical Memory: 263.70 MB used, 263.70 MB peak
[2017.07.23-16.50.43:870][  0]LogMemory: Process Virtual Memory: 262.29 MB used, 262.29 MB peak
[2017.07.23-16.50.43:870][  0]LogMemory: Physical Memory: 8502.99 MB used,  7816.46 MB free, 16319.45 MB total
[2017.07.23-16.50.43:870][  0]LogMemory: Virtual Memory: 644.97 MB used,  7816.46 MB free, 134217728.00 MB total
[2017.07.23-16.50.43:921][  0]LogTextLocalizationManager: No specific translations for ('en-US') exist, so ('en') translations will be used.
[2017.07.23-16.50.44:473][  0]LogD3D11RHI: D3D11 adapters:
[2017.07.23-16.50.45:001][  0]LogD3D11RHI:    0. 'NVIDIA GeForce GTX 960' (Feature Level 11_0)
[2017.07.23-16.50.45:001][  0]LogD3D11RHI:       2016/0/8159 MB DedicatedVideo/DedicatedSystem/SharedSystem, Outputs:1, VendorId:0x10de
[2017.07.23-16.50.45:001][  0]LogD3D11RHI:    1. 'Microsoft Basic Render Driver' (Feature Level 11_0)
[2017.07.23-16.50.45:001][  0]LogD3D11RHI:       0/0/8159 MB DedicatedVideo/DedicatedSystem/SharedSystem, Outputs:0, VendorId:0x1414
[2017.07.23-16.50.45:002][  0]LogD3D11RHI: Chosen D3D11 Adapter: 0
[2017.07.23-16.50.45:008][  0]LogD3D11RHI: Creating new Direct3DDevice
[2017.07.23-16.50.45:008][  0]LogD3D11RHI:     GPU DeviceId: 0x1401 (for the marketing name, search the web for "GPU Device Id")
[2017.07.23-16.50.45:008][  0]LogWindows: EnumDisplayDevices:
[2017.07.23-16.50.45:008][  0]LogWindows:    0. 'NVIDIA GeForce GTX 960' (P:1 D:1)
[2017.07.23-16.50.45:009][  0]LogWindows:    1. 'NVIDIA GeForce GTX 960' (P:0 D:0)
[2017.07.23-16.50.45:009][  0]LogWindows:    2. 'NVIDIA GeForce GTX 960' (P:0 D:0)
[2017.07.23-16.50.45:009][  0]LogWindows:    3. 'NVIDIA GeForce GTX 960' (P:0 D:0)
[2017.07.23-16.50.45:009][  0]LogWindows: DebugString: FoundDriverCount:4 
[2017.07.23-16.50.45:009][  0]LogD3D11RHI:     Adapter Name: NVIDIA GeForce GTX 960
[2017.07.23-16.50.45:009][  0]LogD3D11RHI:   Driver Version: 382.33 (internal:22.21.13.8233, unified:382.33)
[2017.07.23-16.50.45:009][  0]LogD3D11RHI:      Driver Date: 5-17-2017
[2017.07.23-16.50.45:009][  0]LogRHI: Texture pool is 1361 MB (70% of 1945 MB)
[2017.07.23-16.50.45:540][  0]LogD3D11RHI: Async texture creation enabled
[2017.07.23-16.50.45:565][  0]LogD3D11RHI: GPU Timing Frequency: 1000.000000 (Debug: 2 1)
[2017.07.23-16.50.45:566][  0]LogD3D11RHI: HDR output is supported on display 0 (NvId: 0x80061081).
[2017.07.23-16.50.45:566][  0]LogShaderCompilers: Guid format shader working directory is 2 characters bigger than the processId version (../../../../../../Unreal Projects/MyProject/Intermediate/Shaders/WorkingDirectory/11828/).
[2017.07.23-16.50.45:566][  0]LogShaderCompilers: Cleaned the shader compiler working directory 'C:/Users/Fawaz/AppData/Local/Temp/UnrealShaderWorkingDir/A7E0D42843968FE9C8D5A5A0D159371F/'.
[2017.07.23-16.50.45:566][  0]LogShaderCompilers:Display: Using Local Shader Compiler.
[2017.07.23-16.50.46:558][  0]LogTemp:Display: Loaded TP AllDesktopTargetPlatform
[2017.07.23-16.50.46:593][  0]LogTemp:Display: Loaded TP MacClientTargetPlatform
[2017.07.23-16.50.46:631][  0]LogTemp:Display: Loaded TP MacNoEditorTargetPlatform
[2017.07.23-16.50.46:667][  0]LogTemp:Display: Loaded TP MacServerTargetPlatform
[2017.07.23-16.50.46:706][  0]LogTemp:Display: Loaded TP MacTargetPlatform
[2017.07.23-16.50.46:745][  0]LogTemp:Display: Loaded TP WindowsClientTargetPlatform
[2017.07.23-16.50.46:781][  0]LogTemp:Display: Loaded TP WindowsNoEditorTargetPlatform
[2017.07.23-16.50.46:818][  0]LogTemp:Display: Loaded TP WindowsServerTargetPlatform
[2017.07.23-16.50.46:846][  0]LogTemp:Display: Loaded TP WindowsTargetPlatform
[2017.07.23-16.50.46:881][  0]LogTemp:Display: Loaded TP AndroidTargetPlatform
[2017.07.23-16.50.46:919][  0]LogTemp:Display: Loaded TP Android_ASTCTargetPlatform
[2017.07.23-16.50.46:957][  0]LogTemp:Display: Loaded TP Android_ATCTargetPlatform
[2017.07.23-16.50.46:995][  0]LogTemp:Display: Loaded TP Android_DXTTargetPlatform
[2017.07.23-16.50.47:029][  0]LogTemp:Display: Loaded TP Android_ETC1TargetPlatform
[2017.07.23-16.50.47:063][  0]LogTemp:Display: Loaded TP Android_ETC2TargetPlatform
[2017.07.23-16.50.47:136][  0]LogTemp:Display: Loaded TP Android_MultiTargetPlatform
[2017.07.23-16.50.47:136][  0]LogTemp:Display: Loaded TP Android_PVRTCTargetPlatform
[2017.07.23-16.50.47:160][  0]LogTemp:Display: Loaded TP HTML5TargetPlatform
[2017.07.23-16.50.47:229][  0]LogTemp:Display: Loaded TP IOSTargetPlatform
[2017.07.23-16.50.47:254][  0]LogTemp:Display: Loaded TP TVOSTargetPlatform
[2017.07.23-16.50.47:289][  0]LogTemp:Display: Loaded TP LinuxClientTargetPlatform
[2017.07.23-16.50.47:327][  0]LogTemp:Display: Loaded TP LinuxNoEditorTargetPlatform
[2017.07.23-16.50.47:363][  0]LogTemp:Display: Loaded TP LinuxServerTargetPlatform
[2017.07.23-16.50.47:402][  0]LogTemp:Display: Loaded TP LinuxTargetPlatform
[2017.07.23-16.50.47:402][  0]LogTargetPlatformManager:Display: Building Assets For Windows
[2017.07.23-16.50.47:666][  0]LogDerivedDataCache:Display: Max Cache Size: 512 MB
[2017.07.23-16.50.47:713][  0]LogDerivedDataCache: Loaded boot cache 0.05s 50MB C:/Users/Fawaz/AppData/Local/UnrealEngine/4.15/DerivedDataCache/Boot.ddc.
[2017.07.23-16.50.47:713][  0]LogDerivedDataCache:Display: Loaded Boot cache: C:/Users/Fawaz/AppData/Local/UnrealEngine/4.15/DerivedDataCache/Boot.ddc
[2017.07.23-16.50.47:713][  0]LogDerivedDataCache: FDerivedDataBackendGraph:  Pak pak cache file ../../../../../../Unreal Projects/MyProject/DerivedDataCache/DDC.ddp not found, will not use a pak cache.
[2017.07.23-16.50.47:713][  0]LogDerivedDataCache: Unable to find inner node Pak for hierarchical cache Hierarchy.
[2017.07.23-16.50.47:713][  0]LogDerivedDataCache: FDerivedDataBackendGraph:  CompressedPak pak cache file ../../../../../../Unreal Projects/MyProject/DerivedDataCache/Compressed.ddp not found, will not use a pak cache.
[2017.07.23-16.50.47:713][  0]LogDerivedDataCache: Unable to find inner node CompressedPak for hierarchical cache Hierarchy.
[2017.07.23-16.50.47:729][  0]LogDerivedDataCache:Display: Pak cache opened for reading ../../../Engine/DerivedDataCache/Compressed.ddp.
[2017.07.23-16.50.47:741][  0]LogDerivedDataCache: Using Local data cache path C:/Users/Fawaz/AppData/Local/UnrealEngine/Common/DerivedDataCache: Writable
[2017.07.23-16.50.47:749][  0]LogSlate: Using Freetype 2.6.0
[2017.07.23-16.50.47:750][  0]LogSlate: SlateFontCache - WITH_FREETYPE: 1, WITH_HARFBUZZ: 1
[2017.07.23-16.50.47:750][  0]LogSlate: SlateFontCache - WITH_FREETYPE: 1, WITH_HARFBUZZ: 1
[2017.07.23-16.50.47:979][  0]LogInit: Selected Device Profile: [Windows]
[2017.07.23-16.50.47:981][  0]LogContentStreaming: Texture pool size is 0.00 MB
[2017.07.23-16.50.48:132][  0]LogMeshUtilities: Using QuadricMeshReduction for automatic static mesh reduction
[2017.07.23-16.50.48:156][  0]LogSimplygon: Simplygon DLL not present - disabling.
[2017.07.23-16.50.48:180][  0]LogMeshUtilities: Using SimplygonSwarm for distributed automatic mesh merging
[2017.07.23-16.50.48:180][  0]LogMeshUtilities: No automatic skeletal mesh reduction module available
[2017.07.23-16.50.48:180][  0]LogMeshUtilities: No automatic mesh merging module available
[2017.07.23-16.50.48:631][  0]LogNetVersion: GetLocalNetworkVersion: CL: 3299760, ProjectName: myproject, ProjectVersion: , EngineNetworkVersion: 2, GameNetworkVersion: 0, NetworkChecksum: 4136520461
[2017.07.23-16.50.48:666][  0]LogAssetRegistry: FAssetRegistry took 0.0213 seconds to start up
[2017.07.23-16.50.48:714][  0]LogPackageLocalizationCache: Processed 3 localized package path(s) for 2 prioritized culture(s) in 0.036670 seconds
[2017.07.23-16.50.48:721][  0]LogUObjectArray: 32493 objects as part of root set at end of initial load.
[2017.07.23-16.50.48:721][  0]LogUObjectAllocator: 7077032 out of 0 bytes used by permanent object pool.
[2017.07.23-16.50.48:721][  0]LogUObjectArray: CloseDisregardForGC: 0/0 objects in disregard for GC pool
[2017.07.23-16.50.48:758][  0]LogInit: WinSock: version 1.1 (2.2), MaxSocks=32767, MaxUdp=65467
[2017.07.23-16.50.49:861][  0]LogTcpMessaging: Initializing TcpMessaging bridge
[2017.07.23-16.50.49:904][  0]LogUdpMessaging: Initializing bridge on interface 0.0.0.0:0 to multicast group 230.0.0.1:6666.
[2017.07.23-16.50.50:201][  0]LogMaterial: Uniform references updated for custom material expression Custom.
[2017.07.23-16.50.50:439][  0]SourceControl: Info Source control is disabled
[2017.07.23-16.50.50:479][  0]SourceControl: Info Source control is disabled
[2017.07.23-16.50.50:505][  0]SourceControl: Info Source control is disabled
[2017.07.23-16.50.50:531][  0]SourceControl: Info Source control is disabled
[2017.07.23-16.50.51:244][  0]LogEngine: Initializing Engine...
[2017.07.23-16.50.51:245][  0]LogHMD: Failed to initialize OpenVR with code 110
[2017.07.23-16.50.51:415][  0]LogAIModule: Creating AISystem for world Untitled
[2017.07.23-16.50.51:424][  0]LogInit: XAudio2 using 'Speakers (Realtek High Definition Audio)' : 2 channels at 48 kHz using 32 bits per sample (channel mask 0x3)
[2017.07.23-16.50.51:437][  0]LogInit: FAudioDevice initialized.
[2017.07.23-16.50.51:462][  0]LogDerivedDataCache: Saved boot cache 0.02s 50MB C:/Users/Fawaz/AppData/Local/UnrealEngine/4.15/DerivedDataCache/Boot.ddc.
[2017.07.23-16.50.51:471][  0]LogInit: Texture streaming: Enabled
[2017.07.23-16.50.51:529][  0]LogEngineSessionManager: EngineSessionManager initialized
[2017.07.23-16.50.51:589][  0]LogInit: Transaction tracking system initialized
[2017.07.23-16.50.51:792][  0]BlueprintLog: New page: Editor Load
[2017.07.23-16.50.52:385][  0]LocalizationService: Info Localization service is disabled
[2017.07.23-16.50.52:795][  0]LogConsoleResponse:Display: 
[2017.07.23-16.50.52:896][  0]LogCook:Display: Max memory allowance for cook 16384mb min free memory 0mb
[2017.07.23-16.50.52:896][  0]LogCook:Display: Mobile HDR setting 1
[2017.07.23-16.50.53:493][  0]LogFileCache: Scanning file cache for directory 'D:/Unreal Projects/MyProject/Content/' took 0.01s
[2017.07.23-16.50.53:493][  0]SourceControl: Info Source control is disabled
[2017.07.23-16.50.53:494][  0]LogFactory: FactoryCreateFile: PackFactory with PackFactory (0 0 D:/Program Files/Epic Games/UE_4.15/FeaturePacks/StarterContent.upack)
[2017.07.23-16.50.53:498][  0]LogPackFactory: Finished extracting 8 files (including 0 errors).
[2017.07.23-16.50.53:501][  0]LogPackFactory: Copied "../../../Samples/StarterContent/Content/StarterContent/Architecture/Floor_400x400.uasset" to "../../../../../../Unreal Projects/MyProject/Content/StarterContent/Architecture/Floor_400x400.uasset"
[2017.07.23-16.50.53:503][  0]LogPackFactory: Copied "../../../Samples/StarterContent/Content/StarterContent/Architecture/Pillar_50x500.uasset" to "../../../../../../Unreal Projects/MyProject/Content/StarterContent/Architecture/Pillar_50x500.uasset"
[2017.07.23-16.50.53:507][  0]LogPackFactory: Copied "../../../Samples/StarterContent/Content/StarterContent/Architecture/SM_AssetPlatform.uasset" to "../../../../../../Unreal Projects/MyProject/Content/StarterContent/Architecture/SM_AssetPlatform.uasset"
[2017.07.23-16.50.53:510][  0]LogPackFactory: Copied "../../../Samples/StarterContent/Content/StarterContent/Architecture/Wall_400x200.uasset" to "../../../../../../Unreal Projects/MyProject/Content/StarterContent/Architecture/Wall_400x200.uasset"
[2017.07.23-16.50.53:513][  0]LogPackFactory: Copied "../../../Samples/StarterContent/Content/StarterContent/Architecture/Wall_400x300.uasset" to "../../../../../../Unreal Projects/MyProject/Content/StarterContent/Architecture/Wall_400x300.uasset"
[2017.07.23-16.50.53:531][  0]LogPackFactory: Copied "../../../Samples/StarterContent/Content/StarterContent/Architecture/Wall_400x400.uasset" to "../../../../../../Unreal Projects/MyProject/Content/StarterContent/Architecture/Wall_400x400.uasset"
[2017.07.23-16.50.53:535][  0]LogPackFactory: Copied "../../../Samples/StarterContent/Content/StarterContent/Architecture/Wall_500x500.uasset" to "../../../../../../Unreal Projects/MyProject/Content/StarterContent/Architecture/Wall_500x500.uasset"
[2017.07.23-16.50.53:539][  0]LogPackFactory: Copied "../../../Samples/StarterContent/Content/StarterContent/Architecture/Wall_Door_400x300.uasset" to "../../../../../../Unreal Projects/MyProject/Content/StarterContent/Architecture/Wall_Door_400x300.uasset"
[2017.07.23-16.50.53:542][  0]LogPackFactory: Copied "../../../Samples/StarterContent/Content/StarterContent/Architecture/Wall_Door_400x400.uasset" to "../../../../../../Unreal Projects/MyProject/Content/StarterContent/Architecture/Wall_Door_400x400.uasset"
[2017.07.23-16.50.53:545][  0]LogPackFactory: Copied "../../../Samples/StarterContent/Content/StarterContent/Architecture/Wall_Window_400x300.uasset" to "../../../../../../Unreal Projects/MyProject/Content/StarterContent/Architecture/Wall_Window_400x300.uasset"
[2017.07.23-16.50.53:548][  0]LogPackFactory: Copied "../../../Samples/StarterContent/Content/StarterContent/Architecture/Wall_Window_400x400.uasset" to "../../../../../../Unreal Projects/MyProject/Content/StarterContent/Architecture/Wall_Window_400x400.uasset"
[2017.07.23-16.50.53:551][  0]LogPackFactory: Copied "../../../Samples/StarterContent/Content/StarterContent/Audio/Collapse01.uasset" to "../../../../../../Unreal Projects/MyProject/Content/StarterContent/Audio/Collapse01.uasset"
[2017.07.23-16.50.53:555][  0]LogPackFactory: Copied "../../../Samples/StarterContent/Content/StarterContent/Audio/Collapse02.uasset" to "../../../../../../Unreal Projects/MyProject/Content/StarterContent/Audio/Collapse02.uasset"
[2017.07.23-16.50.53:556][  0]LogPackFactory: Copied "../../../Samples/StarterContent/Content/StarterContent/Audio/Collapse_Cue.uasset" to "../../../../../../Unreal Projects/MyProject/Content/StarterContent/Audio/Collapse_Cue.uasset"
[2017.07.23-16.50.53:560][  0]LogPackFactory: Copied "../../../Samples/StarterContent/Content/StarterContent/Audio/Explosion01.uasset" to "../../../../../../Unreal Projects/MyProject/Content/StarterContent/Audio/Explosion01.uasset"
[2017.07.23-16.50.53:563][  0]LogPackFactory: Copied "../../../Samples/StarterContent/Content/StarterContent/Audio/Explosion02.uasset" to "../../../../../../Unreal Projects/MyProject/Content/StarterContent/Audio/Explosion02.uasset"
[2017.07.23-16.50.53:564][  0]LogPackFactory: Copied "../../../Samples/StarterContent/Content/StarterContent/Audio/Explosion_Cue.uasset" to "../../../../../../Unreal Projects/MyProject/Content/StarterContent/Audio/Explosion_Cue.uasset"
[2017.07.23-16.50.53:567][  0]LogPackFactory: Copied "../../../Samples/StarterContent/Content/StarterContent/Audio/Fire01.uasset" to "../../../../../../Unreal Projects/MyProject/Content/StarterContent/Audio/Fire01.uasset"
[2017.07.23-16.50.53:568][  0]LogPackFactory: Copied "../../../Samples/StarterContent/Content/StarterContent/Audio/Fire01_Cue.uasset" to "../../../../../../Unreal Projects/MyProject/Content/StarterContent/Audio/Fire01_Cue.uasset"
[2017.07.23-16.50.53:573][  0]LogPackFactory: Copied "../../../Samples/StarterContent/Content/StarterContent/Audio/Fire_Sparks01.uasset" to "../../../../../../Unreal Projects/MyProject/Content/StarterContent/Audio/Fire_Sparks01.uasset"
[2017.07.23-16.50.53:577][  0]LogPackFactory: Copied "../../../Samples/StarterContent/Content/StarterContent/Audio/Fire_Sparks01_Cue.uasset" to "../../../../../../Unreal Projects/MyProject/Content/StarterContent/Audio/Fire_Sparks01_Cue.uasset"
[2017.07.23-16.50.53:581][  0]LogPackFactory: Copied "../../../Samples/StarterContent/Content/StarterContent/Audio/Light01.uasset" to "../../../../../../Unreal Projects/MyProject/Content/StarterContent/Audio/Light01.uasset"
[2017.07.23-16.50.53:582][  0]LogPackFactory: Copied "../../../Samples/StarterContent/Content/StarterContent/Audio/Light01_Cue.uasset" to "../../../../../../Unreal Projects/MyProject/Content/StarterContent/Audio/Light01_Cue.uasset"
[2017.07.23-16.50.53:585][  0]LogPackFactory: Copied "../../../Samples/StarterContent/Content/StarterContent/Audio/Light02.uasset" to "../../../../../../Unreal Projects/MyProject/Content/StarterContent/Audio/Light02.uasset"
[2017.07.23-16.50.53:586][  0]LogPackFactory: Copied "../../../Samples/StarterContent/Content/StarterContent/Audio/Light02_Cue.uasset" to "../../../../../../Unreal Projects/MyProject/Content/StarterContent/Audio/Light02_Cue.uasset"
[2017.07.23-16.50.53:590][  0]LogPackFactory: Copied "../../../Samples/StarterContent/Content/StarterContent/Audio/Smoke01.uasset" to "../../../../../../Unreal Projects/MyProject/Content/StarterContent/Audio/Smoke01.uasset"
[2017.07.23-16.50.53:591][  0]LogPackFactory: Copied "../../../Samples/StarterContent/Content/StarterContent/Audio/Smoke01_Cue.uasset" to "../../../../../../Unreal Projects/MyProject/Content/StarterContent/Audio/Smoke01_Cue.uasset"
[2017.07.23-16.50.53:593][  0]LogPackFactory: Copied "../../../Samples/StarterContent/Content/StarterContent/Audio/Starter_Background_Cue.uasset" to "../../../../../../Unreal Projects/MyProject/Content/StarterContent/Audio/Starter_Background_Cue.uasset"
[2017.07.23-16.50.53:598][  0]LogPackFactory: Copied "../../../Samples/StarterContent/Content/StarterContent/Audio/Starter_Birds01.uasset" to "../../../../../../Unreal Projects/MyProject/Content/StarterContent/Audio/Starter_Birds01.uasset"
[2017.07.23-16.50.53:607][  0]LogPackFactory: Copied "../../../Samples/StarterContent/Content/StarterContent/Audio/Starter_Music01.uasset" to "../../../../../../Unreal Projects/MyProject/Content/StarterContent/Audio/Starter_Music01.uasset"
[2017.07.23-16.50.53:608][  0]LogPackFactory: Copied "../../../Samples/StarterContent/Content/StarterContent/Audio/Starter_Music_Cue.uasset" to "../../../../../../Unreal Projects/MyProject/Content/StarterContent/Audio/Starter_Music_Cue.uasset"
[2017.07.23-16.50.53:613][  0]LogPackFactory: Copied "../../../Samples/StarterContent/Content/StarterContent/Audio/Starter_Wind05.uasset" to "../../../../../../Unreal Projects/MyProject/Content/StarterContent/Audio/Starter_Wind05.uasset"
[2017.07.23-16.50.53:617][  0]LogPackFactory: Copied "../../../Samples/StarterContent/Content/StarterContent/Audio/Starter_Wind06.uasset" to "../../../../../../Unreal Projects/MyProject/Content/StarterContent/Audio/Starter_Wind06.uasset"
[2017.07.23-16.50.53:621][  0]LogPackFactory: Copied "../../../Samples/StarterContent/Content/StarterContent/Audio/Steam01.uasset" to "../../../../../../Unreal Projects/MyProject/Content/StarterContent/Audio/Steam01.uasset"
[2017.07.23-16.50.53:625][  0]LogPackFactory: Copied "../../../Samples/StarterContent/Content/StarterContent/Audio/Steam01_Cue.uasset" to "../../../../../../Unreal Projects/MyProject/Content/StarterContent/Audio/Steam01_Cue.uasset"
[2017.07.23-16.50.53:628][  0]LogPackFactory: Copied "../../../Samples/StarterContent/Content/StarterContent/Blueprints/Blueprint_CeilingLight.uasset" to "../../../../../../Unreal Projects/MyProject/Content/StarterContent/Blueprints/Blueprint_CeilingLight.uasset"
[2017.07.23-16.50.53:632][  0]LogPackFactory: Copied "../../../Samples/StarterContent/Content/StarterContent/Blueprints/Blueprint_Effect_Explosion.uasset" to "../../../../../../Unreal Projects/MyProject/Content/StarterContent/Blueprints/Blueprint_Effect_Explosion.uasset"
[2017.07.23-16.50.53:635][  0]LogPackFactory: Copied "../../../Samples/StarterContent/Content/StarterContent/Blueprints/Blueprint_Effect_Fire.uasset" to "../../../../../../Unreal Projects/MyProject/Content/StarterContent/Blueprints/Blueprint_Effect_Fire.uasset"
[2017.07.23-16.50.53:639][  0]LogPackFactory: Copied "../../../Samples/StarterContent/Content/StarterContent/Blueprints/Blueprint_Effect_Smoke.uasset" to "../../../../../../Unreal Projects/MyProject/Content/StarterContent/Blueprints/Blueprint_Effect_Smoke.uasset"
[2017.07.23-16.50.53:643][  0]LogPackFactory: Copied "../../../Samples/StarterContent/Content/StarterContent/Blueprints/Blueprint_Effect_Sparks.uasset" to "../../../../../../Unreal Projects/MyProject/Content/StarterContent/Blueprints/Blueprint_Effect_Sparks.uasset"
[2017.07.23-16.50.53:645][  0]LogPackFactory: Copied "../../../Samples/StarterContent/Content/StarterContent/Blueprints/Blueprint_Effect_Steam.uasset" to "../../../../../../Unreal Projects/MyProject/Content/StarterContent/Blueprints/Blueprint_Effect_Steam.uasset"
[2017.07.23-16.50.53:649][  0]LogPackFactory: Copied "../../../Samples/StarterContent/Content/StarterContent/Blueprints/Blueprint_WallSconce.uasset" to "../../../../../../Unreal Projects/MyProject/Content/StarterContent/Blueprints/Blueprint_WallSconce.uasset"
[2017.07.23-16.50.53:652][  0]LogPackFactory: Copied "../../../Samples/StarterContent/Content/StarterContent/Blueprints/BP_LightStudio.uasset" to "../../../../../../Unreal Projects/MyProject/Content/StarterContent/Blueprints/BP_LightStudio.uasset"
[2017.07.23-16.50.53:655][  0]LogPackFactory: Copied "../../../Samples/StarterContent/Content/StarterContent/Blueprints/Assets/FogBrightnessLUT.uasset" to "../../../../../../Unreal Projects/MyProject/Content/StarterContent/Blueprints/Assets/FogBrightnessLUT.uasset"
[2017.07.23-16.50.53:659][  0]LogPackFactory: Copied "../../../Samples/StarterContent/Content/StarterContent/Blueprints/Assets/M_LightStage_Arrows.uasset" to "../../../../../../Unreal Projects/MyProject/Content/StarterContent/Blueprints/Assets/M_LightStage_Arrows.uasset"
[2017.07.23-16.50.53:663][  0]LogPackFactory: Copied "../../../Samples/StarterContent/Content/StarterContent/Blueprints/Assets/M_LightStage_Skybox_Black.uasset" to "../../../../../../Unreal Projects/MyProject/Content/StarterContent/Blueprints/Assets/M_LightStage_Skybox_Black.uasset"
[2017.07.23-16.50.53:665][  0]LogPackFactory: Copied "../../../Samples/StarterContent/Content/StarterContent/Blueprints/Assets/M_LightStage_Skybox_HDRI.uasset" to "../../../../../../Unreal Projects/MyProject/Content/StarterContent/Blueprints/Assets/M_LightStage_Skybox_HDRI.uasset"
[2017.07.23-16.50.53:668][  0]LogPackFactory: Copied "../../../Samples/StarterContent/Content/StarterContent/Blueprints/Assets/M_LightStage_Skybox_Master.uasset" to "../../../../../../Unreal Projects/MyProject/Content/StarterContent/Blueprints/Assets/M_LightStage_Skybox_Master.uasset"
[2017.07.23-16.50.53:673][  0]LogPackFactory: Copied "../../../Samples/StarterContent/Content/StarterContent/Blueprints/Assets/Skybox.uasset" to "../../../../../../Unreal Projects/MyProject/Content/StarterContent/Blueprints/Assets/Skybox.uasset"
[2017.07.23-16.50.53:677][  0]LogPackFactory: Copied "../../../Samples/StarterContent/Content/StarterContent/Blueprints/Assets/SM_Arrows.uasset" to "../../../../../../Unreal Projects/MyProject/Content/StarterContent/Blueprints/Assets/SM_Arrows.uasset"
[2017.07.23-16.50.53:679][  0]LogPackFactory: Copied "../../../Samples/StarterContent/Content/StarterContent/Blueprints/Assets/SunlightColorLUT.uasset" to "../../../../../../Unreal Projects/MyProject/Content/StarterContent/Blueprints/Assets/SunlightColorLUT.uasset"
[2017.07.23-16.50.53:723][  0]LogPackFactory: Copied "../../../Samples/StarterContent/Content/StarterContent/HDRI/HDRI_Epic_Courtyard_Daylight.uasset" to "../../../../../../Unreal Projects/MyProject/Content/StarterContent/HDRI/HDRI_Epic_Courtyard_Daylight.uasset"
[2017.07.23-16.50.53:727][  0]LogPackFactory: Copied "../../../Samples/StarterContent/Content/StarterContent/Maps/Advanced_Lighting.umap" to "../../../../../../Unreal Projects/MyProject/Content/StarterContent/Maps/Advanced_Lighting.umap"
[2017.07.23-16.50.53:730][  0]LogPackFactory: Copied "../../../Samples/StarterContent/Content/StarterContent/Maps/Advanced_Lighting_BuiltData.uasset" to "../../../../../../Unreal Projects/MyProject/Content/StarterContent/Maps/Advanced_Lighting_BuiltData.uasset"
[2017.07.23-16.50.53:734][  0]LogPackFactory: Copied "../../../Samples/StarterContent/Content/StarterContent/Maps/Minimal_Default.umap" to "../../../../../../Unreal Projects/MyProject/Content/StarterContent/Maps/Minimal_Default.umap"
[2017.07.23-16.50.53:737][  0]LogPackFactory: Copied "../../../Samples/StarterContent/Content/StarterContent/Maps/Minimal_Default_BuiltData.uasset" to "../../../../../../Unreal Projects/MyProject/Content/StarterContent/Maps/Minimal_Default_BuiltData.uasset"
[2017.07.23-16.50.53:744][  0]LogPackFactory: Copied "../../../Samples/StarterContent/Content/StarterContent/Maps/StarterMap.umap" to "../../../../../../Unreal Projects/MyProject/Content/StarterContent/Maps/StarterMap.umap"
[2017.07.23-16.50.53:753][  0]LogPackFactory: Copied "../../../Samples/StarterContent/Content/StarterContent/Maps/StarterMap_BuiltData.uasset" to "../../../../../../Unreal Projects/MyProject/Content/StarterContent/Maps/StarterMap_BuiltData.uasset"
[2017.07.23-16.50.53:758][  0]LogPackFactory: Copied "../../../Samples/StarterContent/Content/StarterContent/Materials/M_AssetPlatform.uasset" to "../../../../../../Unreal Projects/MyProject/Content/StarterContent/Materials/M_AssetPlatform.uasset"
[2017.07.23-16.50.53:761][  0]LogPackFactory: Copied "../../../Samples/StarterContent/Content/StarterContent/Materials/M_Basic_Floor.uasset" to "../../../../../../Unreal Projects/MyProject/Content/StarterContent/Materials/M_Basic_Floor.uasset"
[2017.07.23-16.50.53:764][  0]LogPackFactory: Copied "../../../Samples/StarterContent/Content/StarterContent/Materials/M_Basic_Wall.uasset" to "../../../../../../Unreal Projects/MyProject/Content/StarterContent/Materials/M_Basic_Wall.uasset"
[2017.07.23-16.50.53:767][  0]LogPackFactory: Copied "../../../Samples/StarterContent/Content/StarterContent/Materials/M_Brick_Clay_Beveled.uasset" to "../../../../../../Unreal Projects/MyProject/Content/StarterContent/Materials/M_Brick_Clay_Beveled.uasset"
[2017.07.23-16.50.53:770][  0]LogPackFactory: Copied "../../../Samples/StarterContent/Content/StarterContent/Materials/M_Brick_Clay_New.uasset" to "../../../../../../Unreal Projects/MyProject/Content/StarterContent/Materials/M_Brick_Clay_New.uasset"
[2017.07.23-16.50.53:774][  0]LogPackFactory: Copied "../../../Samples/StarterContent/Content/StarterContent/Materials/M_Brick_Clay_Old.uasset" to "../../../../../../Unreal Projects/MyProject/Content/StarterContent/Materials/M_Brick_Clay_Old.uasset"
[2017.07.23-16.50.53:777][  0]LogPackFactory: Copied "../../../Samples/StarterContent/Content/StarterContent/Materials/M_Brick_Cut_Stone.uasset" to "../../../../../../Unreal Projects/MyProject/Content/StarterContent/Materials/M_Brick_Cut_Stone.uasset"
[2017.07.23-16.50.53:780][  0]LogPackFactory: Copied "../../../Samples/StarterContent/Content/StarterContent/Materials/M_Brick_Hewn_Stone.uasset" to "../../../../../../Unreal Projects/MyProject/Content/StarterContent/Materials/M_Brick_Hewn_Stone.uasset"
[2017.07.23-16.50.53:783][  0]LogPackFactory: Copied "../../../Samples/StarterContent/Content/StarterContent/Materials/M_Ceramic_Tile_Checker.uasset" to "../../../../../../Unreal Projects/MyProject/Content/StarterContent/Materials/M_Ceramic_Tile_Checker.uasset"
[2017.07.23-16.50.53:786][  0]LogPackFactory: Copied "../../../Samples/StarterContent/Content/StarterContent/Materials/M_CobbleStone_Pebble.uasset" to "../../../../../../Unreal Projects/MyProject/Content/StarterContent/Materials/M_CobbleStone_Pebble.uasset"
[2017.07.23-16.50.53:790][  0]LogPackFactory: Copied "../../../Samples/StarterContent/Content/StarterContent/Materials/M_CobbleStone_Rough.uasset" to "../../../../../../Unreal Projects/MyProject/Content/StarterContent/Materials/M_CobbleStone_Rough.uasset"
[2017.07.23-16.50.53:793][  0]LogPackFactory: Copied "../../../Samples/StarterContent/Content/StarterContent/Materials/M_CobbleStone_Smooth.uasset" to "../../../../../../Unreal Projects/MyProject/Content/StarterContent/Materials/M_CobbleStone_Smooth.uasset"
[2017.07.23-16.50.53:797][  0]LogPackFactory: Copied "../../../Samples/StarterContent/Content/StarterContent/Materials/M_ColorGrid_LowSpec.uasset" to "../../../../../../Unreal Projects/MyProject/Content/StarterContent/Materials/M_ColorGrid_LowSpec.uasset"
[2017.07.23-16.50.53:801][  0]LogPackFactory: Copied "../../../Samples/StarterContent/Content/StarterContent/Materials/M_Concrete_Grime.uasset" to "../../../../../../Unreal Projects/MyProject/Content/StarterContent/Materials/M_Concrete_Grime.uasset"
[2017.07.23-16.50.53:804][  0]LogPackFactory: Copied "../../../Samples/StarterContent/Content/StarterContent/Materials/M_Concrete_Panels.uasset" to "../../../../../../Unreal Projects/MyProject/Content/StarterContent/Materials/M_Concrete_Panels.uasset"
[2017.07.23-16.50.53:807][  0]LogPackFactory: Copied "../../../Samples/StarterContent/Content/StarterContent/Materials/M_Concrete_Poured.uasset" to "../../../../../../Unreal Projects/MyProject/Content/StarterContent/Materials/M_Concrete_Poured.uasset"
[2017.07.23-16.50.53:810][  0]LogPackFactory: Copied "../../../Samples/StarterContent/Content/StarterContent/Materials/M_Concrete_Tiles.uasset" to "../../../../../../Unreal Projects/MyProject/Content/StarterContent/Materials/M_Concrete_Tiles.uasset"
[2017.07.23-16.50.53:812][  0]LogPackFactory: Copied "../../../Samples/StarterContent/Content/StarterContent/Materials/M_Glass.uasset" to "../../../../../../Unreal Projects/MyProject/Content/StarterContent/Materials/M_Glass.uasset"
[2017.07.23-16.50.53:815][  0]LogPackFactory: Copied "../../../Samples/StarterContent/Content/StarterContent/Materials/M_Ground_Grass.uasset" to "../../../../../../Unreal Projects/MyProject/Content/StarterContent/Materials/M_Ground_Grass.uasset"
[2017.07.23-16.50.53:818][  0]LogPackFactory: Copied "../../../Samples/StarterContent/Content/StarterContent/Materials/M_Ground_Gravel.uasset" to "../../../../../../Unreal Projects/MyProject/Content/StarterContent/Materials/M_Ground_Gravel.uasset"
[2017.07.23-16.50.53:822][  0]LogPackFactory: Copied "../../../Samples/StarterContent/Content/StarterContent/Materials/M_Ground_Moss.uasset" to "../../../../../../Unreal Projects/MyProject/Content/StarterContent/Materials/M_Ground_Moss.uasset"
[2017.07.23-16.50.53:825][  0]LogPackFactory: Copied "../../../Samples/StarterContent/Content/StarterContent/Materials/M_Metal_Brushed_Nickel.uasset" to "../../../../../../Unreal Projects/MyProject/Content/StarterContent/Materials/M_Metal_Brushed_Nickel.uasset"
[2017.07.23-16.50.53:829][  0]LogPackFactory: Copied "../../../Samples/StarterContent/Content/StarterContent/Materials/M_Metal_Burnished_Steel.uasset" to "../../../../../../Unreal Projects/MyProject/Content/StarterContent/Materials/M_Metal_Burnished_Steel.uasset"
[2017.07.23-16.50.53:833][  0]LogPackFactory: Copied "../../../Samples/StarterContent/Content/StarterContent/Materials/M_Metal_Chrome.uasset" to "../../../../../../Unreal Projects/MyProject/Content/StarterContent/Materials/M_Metal_Chrome.uasset"
[2017.07.23-16.50.53:836][  0]LogPackFactory: Copied "../../../Samples/StarterContent/Content/StarterContent/Materials/M_Metal_Copper.uasset" to "../../../../../../Unreal Projects/MyProject/Content/StarterContent/Materials/M_Metal_Copper.uasset"
[2017.07.23-16.50.53:840][  0]LogPackFactory: Copied "../../../Samples/StarterContent/Content/StarterContent/Materials/M_Metal_Gold.uasset" to "../../../../../../Unreal Projects/MyProject/Content/StarterContent/Materials/M_Metal_Gold.uasset"
[2017.07.23-16.50.53:844][  0]LogPackFactory: Copied "../../../Samples/StarterContent/Content/StarterContent/Materials/M_Metal_Rust.uasset" to "../../../../../../Unreal Projects/MyProject/Content/StarterContent/Materials/M_Metal_Rust.uasset"
[2017.07.23-16.50.53:846][  0]LogPackFactory: Copied "../../../Samples/StarterContent/Content/StarterContent/Materials/M_Metal_Steel.uasset" to "../../../../../../Unreal Projects/MyProject/Content/StarterContent/Materials/M_Metal_Steel.uasset"
[2017.07.23-16.50.53:850][  0]LogPackFactory: Copied "../../../Samples/StarterContent/Content/StarterContent/Materials/M_Rock_Basalt.uasset" to "../../../../../../Unreal Projects/MyProject/Content/StarterContent/Materials/M_Rock_Basalt.uasset"
[2017.07.23-16.50.53:853][  0]LogPackFactory: Copied "../../../Samples/StarterContent/Content/StarterContent/Materials/M_Rock_Marble_Polished.uasset" to "../../../../../../Unreal Projects/MyProject/Content/StarterContent/Materials/M_Rock_Marble_Polished.uasset"
[2017.07.23-16.50.53:858][  0]LogPackFactory: Copied "../../../Samples/StarterContent/Content/StarterContent/Materials/M_Rock_Sandstone.uasset" to "../../../../../../Unreal Projects/MyProject/Content/StarterContent/Materials/M_Rock_Sandstone.uasset"
[2017.07.23-16.50.53:861][  0]LogPackFactory: Copied "../../../Samples/StarterContent/Content/StarterContent/Materials/M_Rock_Slate.uasset" to "../../../../../../Unreal Projects/MyProject/Content/StarterContent/Materials/M_Rock_Slate.uasset"
[2017.07.23-16.50.53:864][  0]LogPackFactory: Copied "../../../Samples/StarterContent/Content/StarterContent/Materials/M_Tech_Checker_Dot.uasset" to "../../../../../../Unreal Projects/MyProject/Content/StarterContent/Materials/M_Tech_Checker_Dot.uasset"
[2017.07.23-16.50.53:867][  0]LogPackFactory: Copied "../../../Samples/StarterContent/Content/StarterContent/Materials/M_Tech_Hex_Tile.uasset" to "../../../../../../Unreal Projects/MyProject/Content/StarterContent/Materials/M_Tech_Hex_Tile.uasset"
[2017.07.23-16.50.53:870][  0]LogPackFactory: Copied "../../../Samples/StarterContent/Content/StarterContent/Materials/M_Tech_Hex_Tile_Pulse.uasset" to "../../../../../../Unreal Projects/MyProject/Content/StarterContent/Materials/M_Tech_Hex_Tile_Pulse.uasset"
[2017.07.23-16.50.53:874][  0]LogPackFactory: Copied "../../../Samples/StarterContent/Content/StarterContent/Materials/M_Tech_Panel.uasset" to "../../../../../../Unreal Projects/MyProject/Content/StarterContent/Materials/M_Tech_Panel.uasset"
[2017.07.23-16.50.53:877][  0]LogPackFactory: Copied "../../../Samples/StarterContent/Content/StarterContent/Materials/M_Water_Lake.uasset" to "../../../../../../Unreal Projects/MyProject/Content/StarterContent/Materials/M_Water_Lake.uasset"
[2017.07.23-16.50.53:881][  0]LogPackFactory: Copied "../../../Samples/StarterContent/Content/StarterContent/Materials/M_Water_Ocean.uasset" to "../../../../../../Unreal Projects/MyProject/Content/StarterContent/Materials/M_Water_Ocean.uasset"
[2017.07.23-16.50.53:884][  0]LogPackFactory: Copied "../../../Samples/StarterContent/Content/StarterContent/Materials/M_Wood_Floor_Walnut_Polished.uasset" to "../../../../../../Unreal Projects/MyProject/Content/StarterContent/Materials/M_Wood_Floor_Walnut_Polished.uasset"
[2017.07.23-16.50.53:886][  0]LogPackFactory: Copied "../../../Samples/StarterContent/Content/StarterContent/Materials/M_Wood_Floor_Walnut_Worn.uasset" to "../../../../../../Unreal Projects/MyProject/Content/StarterContent/Materials/M_Wood_Floor_Walnut_Worn.uasset"
[2017.07.23-16.50.53:891][  0]LogPackFactory: Copied "../../../Samples/StarterContent/Content/StarterContent/Materials/M_Wood_Oak.uasset" to "../../../../../../Unreal Projects/MyProject/Content/StarterContent/Materials/M_Wood_Oak.uasset"
[2017.07.23-16.50.53:894][  0]LogPackFactory: Copied "../../../Samples/StarterContent/Content/StarterContent/Materials/M_Wood_Pine.uasset" to "../../../../../../Unreal Projects/MyProject/Content/StarterContent/Materials/M_Wood_Pine.uasset"
[2017.07.23-16.50.53:897][  0]LogPackFactory: Copied "../../../Samples/StarterContent/Content/StarterContent/Materials/M_Wood_Walnut.uasset" to "../../../../../../Unreal Projects/MyProject/Content/StarterContent/Materials/M_Wood_Walnut.uasset"
[2017.07.23-16.50.53:901][  0]LogPackFactory: Copied "../../../Samples/StarterContent/Content/StarterContent/Particles/P_Ambient_Dust.uasset" to "../../../../../../Unreal Projects/MyProject/Content/StarterContent/Particles/P_Ambient_Dust.uasset"
[2017.07.23-16.50.53:904][  0]LogPackFactory: Copied "../../../Samples/StarterContent/Content/StarterContent/Particles/P_Explosion.uasset" to "../../../../../../Unreal Projects/MyProject/Content/StarterContent/Particles/P_Explosion.uasset"
[2017.07.23-16.50.53:908][  0]LogPackFactory: Copied "../../../Samples/StarterContent/Content/StarterContent/Particles/P_Fire.uasset" to "../../../../../../Unreal Projects/MyProject/Content/StarterContent/Particles/P_Fire.uasset"
[2017.07.23-16.50.53:910][  0]LogPackFactory: Copied "../../../Samples/StarterContent/Content/StarterContent/Particles/P_Smoke.uasset" to "../../../../../../Unreal Projects/MyProject/Content/StarterContent/Particles/P_Smoke.uasset"
[2017.07.23-16.50.53:913][  0]LogPackFactory: Copied "../../../Samples/StarterContent/Content/StarterContent/Particles/P_Sparks.uasset" to "../../../../../../Unreal Projects/MyProject/Content/StarterContent/Particles/P_Sparks.uasset"
[2017.07.23-16.50.53:917][  0]LogPackFactory: Copied "../../../Samples/StarterContent/Content/StarterContent/Particles/P_Steam_Lit.uasset" to "../../../../../../Unreal Projects/MyProject/Content/StarterContent/Particles/P_Steam_Lit.uasset"
[2017.07.23-16.50.53:920][  0]LogPackFactory: Copied "../../../Samples/StarterContent/Content/StarterContent/Particles/Materials/M_Burst.uasset" to "../../../../../../Unreal Projects/MyProject/Content/StarterContent/Particles/Materials/M_Burst.uasset"
[2017.07.23-16.50.53:925][  0]LogPackFactory: Copied "../../../Samples/StarterContent/Content/StarterContent/Particles/Materials/M_Dust_Particle.uasset" to "../../../../../../Unreal Projects/MyProject/Content/StarterContent/Particles/Materials/M_Dust_Particle.uasset"
[2017.07.23-16.50.53:928][  0]LogPackFactory: Copied "../../../Samples/StarterContent/Content/StarterContent/Particles/Materials/M_explosion_subUV.uasset" to "../../../../../../Unreal Projects/MyProject/Content/StarterContent/Particles/Materials/M_explosion_subUV.uasset"
[2017.07.23-16.50.53:932][  0]LogPackFactory: Copied "../../../Samples/StarterContent/Content/StarterContent/Particles/Materials/M_Fire_SubUV.uasset" to "../../../../../../Unreal Projects/MyProject/Content/StarterContent/Particles/Materials/M_Fire_SubUV.uasset"
[2017.07.23-16.50.53:935][  0]LogPackFactory: Copied "../../../Samples/StarterContent/Content/StarterContent/Particles/Materials/m_flare_01.uasset" to "../../../../../../Unreal Projects/MyProject/Content/StarterContent/Particles/Materials/m_flare_01.uasset"
[2017.07.23-16.50.53:938][  0]LogPackFactory: Copied "../../../Samples/StarterContent/Content/StarterContent/Particles/Materials/M_Heat_Distortion.uasset" to "../../../../../../Unreal Projects/MyProject/Content/StarterContent/Particles/Materials/M_Heat_Distortion.uasset"
[2017.07.23-16.50.53:942][  0]LogPackFactory: Copied "../../../Samples/StarterContent/Content/StarterContent/Particles/Materials/M_Radial_Gradient.uasset" to "../../../../../../Unreal Projects/MyProject/Content/StarterContent/Particles/Materials/M_Radial_Gradient.uasset"
[2017.07.23-16.50.53:946][  0]LogPackFactory: Copied "../../../Samples/StarterContent/Content/StarterContent/Particles/Materials/M_radial_ramp.uasset" to "../../../../../../Unreal Projects/MyProject/Content/StarterContent/Particles/Materials/M_radial_ramp.uasset"
[2017.07.23-16.50.53:949][  0]LogPackFactory: Copied "../../../Samples/StarterContent/Content/StarterContent/Particles/Materials/M_smoke_subUV.uasset" to "../../../../../../Unreal Projects/MyProject/Content/StarterContent/Particles/Materials/M_smoke_subUV.uasset"
[2017.07.23-16.50.53:952][  0]LogPackFactory: Copied "../../../Samples/StarterContent/Content/StarterContent/Particles/Materials/M_Spark.uasset" to "../../../../../../Unreal Projects/MyProject/Content/StarterContent/Particles/Materials/M_Spark.uasset"
[2017.07.23-16.50.53:955][  0]LogPackFactory: Copied "../../../Samples/StarterContent/Content/StarterContent/Props/MaterialSphere.uasset" to "../../../../../../Unreal Projects/MyProject/Content/StarterContent/Props/MaterialSphere.uasset"
[2017.07.23-16.50.53:959][  0]LogPackFactory: Copied "../../../Samples/StarterContent/Content/StarterContent/Props/SM_Bush.uasset" to "../../../../../../Unreal Projects/MyProject/Content/StarterContent/Props/SM_Bush.uasset"
[2017.07.23-16.50.53:963][  0]LogPackFactory: Copied "../../../Samples/StarterContent/Content/StarterContent/Props/SM_Chair.uasset" to "../../../../../../Unreal Projects/MyProject/Content/StarterContent/Props/SM_Chair.uasset"
[2017.07.23-16.50.53:966][  0]LogPackFactory: Copied "../../../Samples/StarterContent/Content/StarterContent/Props/SM_CornerFrame.uasset" to "../../../../../../Unreal Projects/MyProject/Content/StarterContent/Props/SM_CornerFrame.uasset"
[2017.07.23-16.50.53:970][  0]LogPackFactory: Copied "../../../Samples/StarterContent/Content/StarterContent/Props/SM_Couch.uasset" to "../../../../../../Unreal Projects/MyProject/Content/StarterContent/Props/SM_Couch.uasset"
[2017.07.23-16.50.53:974][  0]LogPackFactory: Copied "../../../Samples/StarterContent/Content/StarterContent/Props/SM_Door.uasset" to "../../../../../../Unreal Projects/MyProject/Content/StarterContent/Props/SM_Door.uasset"
[2017.07.23-16.50.53:978][  0]LogPackFactory: Copied "../../../Samples/StarterContent/Content/StarterContent/Props/SM_DoorFrame.uasset" to "../../../../../../Unreal Projects/MyProject/Content/StarterContent/Props/SM_DoorFrame.uasset"
[2017.07.23-16.50.53:982][  0]LogPackFactory: Copied "../../../Samples/StarterContent/Content/StarterContent/Props/SM_GlassWindow.uasset" to "../../../../../../Unreal Projects/MyProject/Content/StarterContent/Props/SM_GlassWindow.uasset"
[2017.07.23-16.50.53:985][  0]LogPackFactory: Copied "../../../Samples/StarterContent/Content/StarterContent/Props/SM_Lamp_Ceiling.uasset" to "../../../../../../Unreal Projects/MyProject/Content/StarterContent/Props/SM_Lamp_Ceiling.uasset"
[2017.07.23-16.50.53:988][  0]LogPackFactory: Copied "../../../Samples/StarterContent/Content/StarterContent/Props/SM_Lamp_Wall.uasset" to "../../../../../../Unreal Projects/MyProject/Content/StarterContent/Props/SM_Lamp_Wall.uasset"
[2017.07.23-16.50.53:993][  0]LogPackFactory: Copied "../../../Samples/StarterContent/Content/StarterContent/Props/SM_MatPreviewMesh_02.uasset" to "../../../../../../Unreal Projects/MyProject/Content/StarterContent/Props/SM_MatPreviewMesh_02.uasset"
[2017.07.23-16.50.53:996][  0]LogPackFactory: Copied "../../../Samples/StarterContent/Content/StarterContent/Props/SM_PillarFrame.uasset" to "../../../../../../Unreal Projects/MyProject/Content/StarterContent/Props/SM_PillarFrame.uasset"
[2017.07.23-16.50.54:000][  0]LogPackFactory: Copied "../../../Samples/StarterContent/Content/StarterContent/Props/SM_PillarFrame300.uasset" to "../../../../../../Unreal Projects/MyProject/Content/StarterContent/Props/SM_PillarFrame300.uasset"
[2017.07.23-16.50.54:003][  0]LogPackFactory: Copied "../../../Samples/StarterContent/Content/StarterContent/Props/SM_Rock.uasset" to "../../../../../../Unreal Projects/MyProject/Content/StarterContent/Props/SM_Rock.uasset"
[2017.07.23-16.50.54:005][  0]LogPackFactory: Copied "../../../Samples/StarterContent/Content/StarterContent/Props/SM_Shelf.uasset" to "../../../../../../Unreal Projects/MyProject/Content/StarterContent/Props/SM_Shelf.uasset"
[2017.07.23-16.50.54:009][  0]LogPackFactory: Copied "../../../Samples/StarterContent/Content/StarterContent/Props/SM_Stairs.uasset" to "../../../../../../Unreal Projects/MyProject/Content/StarterContent/Props/SM_Stairs.uasset"
[2017.07.23-16.50.54:012][  0]LogPackFactory: Copied "../../../Samples/StarterContent/Content/StarterContent/Props/SM_Statue.uasset" to "../../../../../../Unreal Projects/MyProject/Content/StarterContent/Props/SM_Statue.uasset"
[2017.07.23-16.50.54:015][  0]LogPackFactory: Copied "../../../Samples/StarterContent/Content/StarterContent/Props/SM_TableRound.uasset" to "../../../../../../Unreal Projects/MyProject/Content/StarterContent/Props/SM_TableRound.uasset"
[2017.07.23-16.50.54:019][  0]LogPackFactory: Copied "../../../Samples/StarterContent/Content/StarterContent/Props/SM_WindowFrame.uasset" to "../../../../../../Unreal Projects/MyProject/Content/StarterContent/Props/SM_WindowFrame.uasset"
[2017.07.23-16.50.54:022][  0]LogPackFactory: Copied "../../../Samples/StarterContent/Content/StarterContent/Props/Materials/M_Bush.uasset" to "../../../../../../Unreal Projects/MyProject/Content/StarterContent/Props/Materials/M_Bush.uasset"
[2017.07.23-16.50.54:026][  0]LogPackFactory: Copied "../../../Samples/StarterContent/Content/StarterContent/Props/Materials/M_Chair.uasset" to "../../../../../../Unreal Projects/MyProject/Content/StarterContent/Props/Materials/M_Chair.uasset"
[2017.07.23-16.50.54:029][  0]LogPackFactory: Copied "../../../Samples/StarterContent/Content/StarterContent/Props/Materials/M_Door.uasset" to "../../../../../../Unreal Projects/MyProject/Content/StarterContent/Props/Materials/M_Door.uasset"
[2017.07.23-16.50.54:032][  0]LogPackFactory: Copied "../../../Samples/StarterContent/Content/StarterContent/Props/Materials/M_Frame.uasset" to "../../../../../../Unreal Projects/MyProject/Content/StarterContent/Props/Materials/M_Frame.uasset"
[2017.07.23-16.50.54:035][  0]LogPackFactory: Copied "../../../Samples/StarterContent/Content/StarterContent/Props/Materials/M_Lamp.uasset" to "../../../../../../Unreal Projects/MyProject/Content/StarterContent/Props/Materials/M_Lamp.uasset"
[2017.07.23-16.50.54:039][  0]LogPackFactory: Copied "../../../Samples/StarterContent/Content/StarterContent/Props/Materials/M_MaterialSphere.uasset" to "../../../../../../Unreal Projects/MyProject/Content/StarterContent/Props/Materials/M_MaterialSphere.uasset"
[2017.07.23-16.50.54:043][  0]LogPackFactory: Copied "../../../Samples/StarterContent/Content/StarterContent/Props/Materials/M_MaterialSphere_Plain.uasset" to "../../../../../../Unreal Projects/MyProject/Content/StarterContent/Props/Materials/M_MaterialSphere_Plain.uasset"
[2017.07.23-16.50.54:046][  0]LogPackFactory: Copied "../../../Samples/StarterContent/Content/StarterContent/Props/Materials/M_Rock.uasset" to "../../../../../../Unreal Projects/MyProject/Content/StarterContent/Props/Materials/M_Rock.uasset"
[2017.07.23-16.50.54:049][  0]LogPackFactory: Copied "../../../Samples/StarterContent/Content/StarterContent/Props/Materials/M_Shelf.uasset" to "../../../../../../Unreal Projects/MyProject/Content/StarterContent/Props/Materials/M_Shelf.uasset"
[2017.07.23-16.50.54:052][  0]LogPackFactory: Copied "../../../Samples/StarterContent/Content/StarterContent/Props/Materials/M_Statue.uasset" to "../../../../../../Unreal Projects/MyProject/Content/StarterContent/Props/Materials/M_Statue.uasset"
[2017.07.23-16.50.54:055][  0]LogPackFactory: Copied "../../../Samples/StarterContent/Content/StarterContent/Props/Materials/M_StatueGlass.uasset" to "../../../../../../Unreal Projects/MyProject/Content/StarterContent/Props/Materials/M_StatueGlass.uasset"
[2017.07.23-16.50.54:060][  0]LogPackFactory: Copied "../../../Samples/StarterContent/Content/StarterContent/Props/Materials/M_TableRound.uasset" to "../../../../../../Unreal Projects/MyProject/Content/StarterContent/Props/Materials/M_TableRound.uasset"
[2017.07.23-16.50.54:062][  0]LogPackFactory: Copied "../../../Samples/StarterContent/Content/StarterContent/Shapes/Shape_Cone.uasset" to "../../../../../../Unreal Projects/MyProject/Content/StarterContent/Shapes/Shape_Cone.uasset"
[2017.07.23-16.50.54:065][  0]LogPackFactory: Copied "../../../Samples/StarterContent/Content/StarterContent/Shapes/Shape_Cube.uasset" to "../../../../../../Unreal Projects/MyProject/Content/StarterContent/Shapes/Shape_Cube.uasset"
[2017.07.23-16.50.54:070][  0]LogPackFactory: Copied "../../../Samples/StarterContent/Content/StarterContent/Shapes/Shape_Cylinder.uasset" to "../../../../../../Unreal Projects/MyProject/Content/StarterContent/Shapes/Shape_Cylinder.uasset"
[2017.07.23-16.50.54:073][  0]LogPackFactory: Copied "../../../Samples/StarterContent/Content/StarterContent/Shapes/Shape_NarrowCapsule.uasset" to "../../../../../../Unreal Projects/MyProject/Content/StarterContent/Shapes/Shape_NarrowCapsule.uasset"
[2017.07.23-16.50.54:077][  0]LogPackFactory: Copied "../../../Samples/StarterContent/Content/StarterContent/Shapes/Shape_Pipe.uasset" to "../../../../../../Unreal Projects/MyProject/Content/StarterContent/Shapes/Shape_Pipe.uasset"
[2017.07.23-16.50.54:080][  0]LogPackFactory: Copied "../../../Samples/StarterContent/Content/StarterContent/Shapes/Shape_Pipe_180.uasset" to "../../../../../../Unreal Projects/MyProject/Content/StarterContent/Shapes/Shape_Pipe_180.uasset"
[2017.07.23-16.50.54:083][  0]LogPackFactory: Copied "../../../Samples/StarterContent/Content/StarterContent/Shapes/Shape_Pipe_90.uasset" to "../../../../../../Unreal Projects/MyProject/Content/StarterContent/Shapes/Shape_Pipe_90.uasset"
[2017.07.23-16.50.54:085][  0]LogPackFactory: Copied "../../../Samples/StarterContent/Content/StarterContent/Shapes/Shape_Plane.uasset" to "../../../../../../Unreal Projects/MyProject/Content/StarterContent/Shapes/Shape_Plane.uasset"
[2017.07.23-16.50.54:090][  0]LogPackFactory: Copied "../../../Samples/StarterContent/Content/StarterContent/Shapes/Shape_QuadPyramid.uasset" to "../../../../../../Unreal Projects/MyProject/Content/StarterContent/Shapes/Shape_QuadPyramid.uasset"
[2017.07.23-16.50.54:093][  0]LogPackFactory: Copied "../../../Samples/StarterContent/Content/StarterContent/Shapes/Shape_Sphere.uasset" to "../../../../../../Unreal Projects/MyProject/Content/StarterContent/Shapes/Shape_Sphere.uasset"
[2017.07.23-16.50.54:096][  0]LogPackFactory: Copied "../../../Samples/StarterContent/Content/StarterContent/Shapes/Shape_Torus.uasset" to "../../../../../../Unreal Projects/MyProject/Content/StarterContent/Shapes/Shape_Torus.uasset"
[2017.07.23-16.50.54:100][  0]LogPackFactory: Copied "../../../Samples/StarterContent/Content/StarterContent/Shapes/Shape_Trim.uasset" to "../../../../../../Unreal Projects/MyProject/Content/StarterContent/Shapes/Shape_Trim.uasset"
[2017.07.23-16.50.54:103][  0]LogPackFactory: Copied "../../../Samples/StarterContent/Content/StarterContent/Shapes/Shape_Trim_90_In.uasset" to "../../../../../../Unreal Projects/MyProject/Content/StarterContent/Shapes/Shape_Trim_90_In.uasset"
[2017.07.23-16.50.54:105][  0]LogPackFactory: Copied "../../../Samples/StarterContent/Content/StarterContent/Shapes/Shape_Trim_90_Out.uasset" to "../../../../../../Unreal Projects/MyProject/Content/StarterContent/Shapes/Shape_Trim_90_Out.uasset"
[2017.07.23-16.50.54:108][  0]LogPackFactory: Copied "../../../Samples/StarterContent/Content/StarterContent/Shapes/Shape_TriPyramid.uasset" to "../../../../../../Unreal Projects/MyProject/Content/StarterContent/Shapes/Shape_TriPyramid.uasset"
[2017.07.23-16.50.54:111][  0]LogPackFactory: Copied "../../../Samples/StarterContent/Content/StarterContent/Shapes/Shape_Tube.uasset" to "../../../../../../Unreal Projects/MyProject/Content/StarterContent/Shapes/Shape_Tube.uasset"
[2017.07.23-16.50.54:114][  0]LogPackFactory: Copied "../../../Samples/StarterContent/Content/StarterContent/Shapes/Shape_Wedge_A.uasset" to "../../../../../../Unreal Projects/MyProject/Content/StarterContent/Shapes/Shape_Wedge_A.uasset"
[2017.07.23-16.50.54:117][  0]LogPackFactory: Copied "../../../Samples/StarterContent/Content/StarterContent/Shapes/Shape_Wedge_B.uasset" to "../../../../../../Unreal Projects/MyProject/Content/StarterContent/Shapes/Shape_Wedge_B.uasset"
[2017.07.23-16.50.54:121][  0]LogPackFactory: Copied "../../../Samples/StarterContent/Content/StarterContent/Shapes/Shape_WideCapsule.uasset" to "../../../../../../Unreal Projects/MyProject/Content/StarterContent/Shapes/Shape_WideCapsule.uasset"
[2017.07.23-16.50.54:128][  0]LogPackFactory: Copied "../../../Samples/StarterContent/Content/StarterContent/Textures/T_Brick_Clay_Beveled_D.uasset" to "../../../../../../Unreal Projects/MyProject/Content/StarterContent/Textures/T_Brick_Clay_Beveled_D.uasset"
[2017.07.23-16.50.54:136][  0]LogPackFactory: Copied "../../../Samples/StarterContent/Content/StarterContent/Textures/T_Brick_Clay_Beveled_M.uasset" to "../../../../../../Unreal Projects/MyProject/Content/StarterContent/Textures/T_Brick_Clay_Beveled_M.uasset"
[2017.07.23-16.50.54:143][  0]LogPackFactory: Copied "../../../Samples/StarterContent/Content/StarterContent/Textures/T_Brick_Clay_Beveled_N.uasset" to "../../../../../../Unreal Projects/MyProject/Content/StarterContent/Textures/T_Brick_Clay_Beveled_N.uasset"
[2017.07.23-16.50.54:150][  0]LogPackFactory: Copied "../../../Samples/StarterContent/Content/StarterContent/Textures/T_Brick_Clay_New_D.uasset" to "../../../../../../Unreal Projects/MyProject/Content/StarterContent/Textures/T_Brick_Clay_New_D.uasset"
[2017.07.23-16.50.54:160][  0]LogPackFactory: Copied "../../../Samples/StarterContent/Content/StarterContent/Textures/T_Brick_Clay_New_M.uasset" to "../../../../../../Unreal Projects/MyProject/Content/StarterContent/Textures/T_Brick_Clay_New_M.uasset"
[2017.07.23-16.50.54:167][  0]LogPackFactory: Copied "../../../Samples/StarterContent/Content/StarterContent/Textures/T_Brick_Clay_New_N.uasset" to "../../../../../../Unreal Projects/MyProject/Content/StarterContent/Textures/T_Brick_Clay_New_N.uasset"
[2017.07.23-16.50.54:177][  0]LogPackFactory: Copied "../../../Samples/StarterContent/Content/StarterContent/Textures/T_Brick_Clay_Old_D.uasset" to "../../../../../../Unreal Projects/MyProject/Content/StarterContent/Textures/T_Brick_Clay_Old_D.uasset"
[2017.07.23-16.50.54:184][  0]LogPackFactory: Copied "../../../Samples/StarterContent/Content/StarterContent/Textures/T_Brick_Clay_Old_N.uasset" to "../../../../../../Unreal Projects/MyProject/Content/StarterContent/Textures/T_Brick_Clay_Old_N.uasset"
[2017.07.23-16.50.54:197][  0]LogPackFactory: Copied "../../../Samples/StarterContent/Content/StarterContent/Textures/T_Brick_Cut_Stone_D.uasset" to "../../../../../../Unreal Projects/MyProject/Content/StarterContent/Textures/T_Brick_Cut_Stone_D.uasset"
[2017.07.23-16.50.54:203][  0]LogPackFactory: Copied "../../../Samples/StarterContent/Content/StarterContent/Textures/T_Brick_Cut_Stone_N.uasset" to "../../../../../../Unreal Projects/MyProject/Content/StarterContent/Textures/T_Brick_Cut_Stone_N.uasset"
[2017.07.23-16.50.54:211][  0]LogPackFactory: Copied "../../../Samples/StarterContent/Content/StarterContent/Textures/T_Brick_Hewn_Stone_D.uasset" to "../../../../../../Unreal Projects/MyProject/Content/StarterContent/Textures/T_Brick_Hewn_Stone_D.uasset"
[2017.07.23-16.50.54:217][  0]LogPackFactory: Copied "../../../Samples/StarterContent/Content/StarterContent/Textures/T_Brick_Hewn_Stone_M.uasset" to "../../../../../../Unreal Projects/MyProject/Content/StarterContent/Textures/T_Brick_Hewn_Stone_M.uasset"
[2017.07.23-16.50.54:227][  0]LogPackFactory: Copied "../../../Samples/StarterContent/Content/StarterContent/Textures/T_Brick_Hewn_Stone_N.uasset" to "../../../../../../Unreal Projects/MyProject/Content/StarterContent/Textures/T_Brick_Hewn_Stone_N.uasset"
[2017.07.23-16.50.54:230][  0]LogPackFactory: Copied "../../../Samples/StarterContent/Content/StarterContent/Textures/T_Burst_M.uasset" to "../../../../../../Unreal Projects/MyProject/Content/StarterContent/Textures/T_Burst_M.uasset"
[2017.07.23-16.50.54:234][  0]LogPackFactory: Copied "../../../Samples/StarterContent/Content/StarterContent/Textures/T_Bush_D.uasset" to "../../../../../../Unreal Projects/MyProject/Content/StarterContent/Textures/T_Bush_D.uasset"
[2017.07.23-16.50.54:237][  0]LogPackFactory: Copied "../../../Samples/StarterContent/Content/StarterContent/Textures/T_Bush_N.uasset" to "../../../../../../Unreal Projects/MyProject/Content/StarterContent/Textures/T_Bush_N.uasset"
[2017.07.23-16.50.54:241][  0]LogPackFactory: Copied "../../../Samples/StarterContent/Content/StarterContent/Textures/T_Ceramic_Tile_M.uasset" to "../../../../../../Unreal Projects/MyProject/Content/StarterContent/Textures/T_Ceramic_Tile_M.uasset"
[2017.07.23-16.50.54:245][  0]LogPackFactory: Copied "../../../Samples/StarterContent/Content/StarterContent/Textures/T_Ceramic_Tile_N.uasset" to "../../../../../../Unreal Projects/MyProject/Content/StarterContent/Textures/T_Ceramic_Tile_N.uasset"
[2017.07.23-16.50.54:249][  0]LogPackFactory: Copied "../../../Samples/StarterContent/Content/StarterContent/Textures/T_Chair_M.uasset" to "../../../../../../Unreal Projects/MyProject/Content/StarterContent/Textures/T_Chair_M.uasset"
[2017.07.23-16.50.54:253][  0]LogPackFactory: Copied "../../../Samples/StarterContent/Content/StarterContent/Textures/T_Chair_N.uasset" to "../../../../../../Unreal Projects/MyProject/Content/StarterContent/Textures/T_Chair_N.uasset"
[2017.07.23-16.50.54:258][  0]LogPackFactory: Copied "../../../Samples/StarterContent/Content/StarterContent/Textures/T_Checker_Noise_M.uasset" to "../../../../../../Unreal Projects/MyProject/Content/StarterContent/Textures/T_Checker_Noise_M.uasset"
[2017.07.23-16.50.54:267][  0]LogPackFactory: Copied "../../../Samples/StarterContent/Content/StarterContent/Textures/T_CobbleStone_Pebble_D.uasset" to "../../../../../../Unreal Projects/MyProject/Content/StarterContent/Textures/T_CobbleStone_Pebble_D.uasset"
[2017.07.23-16.50.54:271][  0]LogPackFactory: Copied "../../../Samples/StarterContent/Content/StarterContent/Textures/T_CobbleStone_Pebble_M.uasset" to "../../../../../../Unreal Projects/MyProject/Content/StarterContent/Textures/T_CobbleStone_Pebble_M.uasset"
[2017.07.23-16.50.54:281][  0]LogPackFactory: Copied "../../../Samples/StarterContent/Content/StarterContent/Textures/T_CobbleStone_Pebble_N.uasset" to "../../../../../../Unreal Projects/MyProject/Content/StarterContent/Textures/T_CobbleStone_Pebble_N.uasset"
[2017.07.23-16.50.54:285][  0]LogPackFactory: Copied "../../../Samples/StarterContent/Content/StarterContent/Textures/T_CobbleStone_Rough_D.uasset" to "../../../../../../Unreal Projects/MyProject/Content/StarterContent/Textures/T_CobbleStone_Rough_D.uasset"
[2017.07.23-16.50.54:292][  0]LogPackFactory: Copied "../../../Samples/StarterContent/Content/StarterContent/Textures/T_CobbleStone_Rough_N.uasset" to "../../../../../../Unreal Projects/MyProject/Content/StarterContent/Textures/T_CobbleStone_Rough_N.uasset"
[2017.07.23-16.50.54:299][  0]LogPackFactory: Copied "../../../Samples/StarterContent/Content/StarterContent/Textures/T_CobbleStone_Smooth_D.uasset" to "../../../../../../Unreal Projects/MyProject/Content/StarterContent/Textures/T_CobbleStone_Smooth_D.uasset"
[2017.07.23-16.50.54:305][  0]LogPackFactory: Copied "../../../Samples/StarterContent/Content/StarterContent/Textures/T_CobbleStone_Smooth_M.uasset" to "../../../../../../Unreal Projects/MyProject/Content/StarterContent/Textures/T_CobbleStone_Smooth_M.uasset"
[2017.07.23-16.50.54:313][  0]LogPackFactory: Copied "../../../Samples/StarterContent/Content/StarterContent/Textures/T_CobbleStone_Smooth_N.uasset" to "../../../../../../Unreal Projects/MyProject/Content/StarterContent/Textures/T_CobbleStone_Smooth_N.uasset"
[2017.07.23-16.50.54:324][  0]LogPackFactory: Copied "../../../Samples/StarterContent/Content/StarterContent/Textures/T_Concrete_Grime_D.uasset" to "../../../../../../Unreal Projects/MyProject/Content/StarterContent/Textures/T_Concrete_Grime_D.uasset"
[2017.07.23-16.50.54:333][  0]LogPackFactory: Copied "../../../Samples/StarterContent/Content/StarterContent/Textures/T_Concrete_Panels_D.uasset" to "../../../../../../Unreal Projects/MyProject/Content/StarterContent/Textures/T_Concrete_Panels_D.uasset"
[2017.07.23-16.50.54:341][  0]LogPackFactory: Copied "../../../Samples/StarterContent/Content/StarterContent/Textures/T_Concrete_Panels_N.uasset" to "../../../../../../Unreal Projects/MyProject/Content/StarterContent/Textures/T_Concrete_Panels_N.uasset"
[2017.07.23-16.50.54:350][  0]LogPackFactory: Copied "../../../Samples/StarterContent/Content/StarterContent/Textures/T_Concrete_Poured_D.uasset" to "../../../../../../Unreal Projects/MyProject/Content/StarterContent/Textures/T_Concrete_Poured_D.uasset"
[2017.07.23-16.50.54:358][  0]LogPackFactory: Copied "../../../Samples/StarterContent/Content/StarterContent/Textures/T_Concrete_Poured_N.uasset" to "../../../../../../Unreal Projects/MyProject/Content/StarterContent/Textures/T_Concrete_Poured_N.uasset"
[2017.07.23-16.50.54:364][  0]LogPackFactory: Copied "../../../Samples/StarterContent/Content/StarterContent/Textures/T_Concrete_Tiles_D.uasset" to "../../../../../../Unreal Projects/MyProject/Content/StarterContent/Textures/T_Concrete_Tiles_D.uasset"
[2017.07.23-16.50.54:370][  0]LogPackFactory: Copied "../../../Samples/StarterContent/Content/StarterContent/Textures/T_Concrete_Tiles_M.uasset" to "../../../../../../Unreal Projects/MyProject/Content/StarterContent/Textures/T_Concrete_Tiles_M.uasset"
[2017.07.23-16.50.54:377][  0]LogPackFactory: Copied "../../../Samples/StarterContent/Content/StarterContent/Textures/T_Concrete_Tiles_N.uasset" to "../../../../../../Unreal Projects/MyProject/Content/StarterContent/Textures/T_Concrete_Tiles_N.uasset"
[2017.07.23-16.50.54:380][  0]LogPackFactory: Copied "../../../Samples/StarterContent/Content/StarterContent/Textures/T_Concrete_Tiles_Variation_M.uasset" to "../../../../../../Unreal Projects/MyProject/Content/StarterContent/Textures/T_Concrete_Tiles_Variation_M.uasset"
[2017.07.23-16.50.54:385][  0]LogPackFactory: Copied "../../../Samples/StarterContent/Content/StarterContent/Textures/T_Detail_Rocky_N.uasset" to "../../../../../../Unreal Projects/MyProject/Content/StarterContent/Textures/T_Detail_Rocky_N.uasset"
[2017.07.23-16.50.54:388][  0]LogPackFactory: Copied "../../../Samples/StarterContent/Content/StarterContent/Textures/T_Door_M.uasset" to "../../../../../../Unreal Projects/MyProject/Content/StarterContent/Textures/T_Door_M.uasset"
[2017.07.23-16.50.54:393][  0]LogPackFactory: Copied "../../../Samples/StarterContent/Content/StarterContent/Textures/T_Door_N.uasset" to "../../../../../../Unreal Projects/MyProject/Content/StarterContent/Textures/T_Door_N.uasset"
[2017.07.23-16.50.54:396][  0]LogPackFactory: Copied "../../../Samples/StarterContent/Content/StarterContent/Textures/T_Dust_Particle_D.uasset" to "../../../../../../Unreal Projects/MyProject/Content/StarterContent/Textures/T_Dust_Particle_D.uasset"
[2017.07.23-16.50.54:401][  0]LogPackFactory: Copied "../../../Samples/StarterContent/Content/StarterContent/Textures/T_Explosion_SubUV.uasset" to "../../../../../../Unreal Projects/MyProject/Content/StarterContent/Textures/T_Explosion_SubUV.uasset"
[2017.07.23-16.50.54:404][  0]LogPackFactory: Copied "../../../Samples/StarterContent/Content/StarterContent/Textures/T_Fire_SubUV.uasset" to "../../../../../../Unreal Projects/MyProject/Content/StarterContent/Textures/T_Fire_SubUV.uasset"
[2017.07.23-16.50.54:407][  0]LogPackFactory: Copied "../../../Samples/StarterContent/Content/StarterContent/Textures/T_Fire_Tiled_D.uasset" to "../../../../../../Unreal Projects/MyProject/Content/StarterContent/Textures/T_Fire_Tiled_D.uasset"
[2017.07.23-16.50.54:411][  0]LogPackFactory: Copied "../../../Samples/StarterContent/Content/StarterContent/Textures/T_Frame_M.uasset" to "../../../../../../Unreal Projects/MyProject/Content/StarterContent/Textures/T_Frame_M.uasset"
[2017.07.23-16.50.54:415][  0]LogPackFactory: Copied "../../../Samples/StarterContent/Content/StarterContent/Textures/T_Frame_N.uasset" to "../../../../../../Unreal Projects/MyProject/Content/StarterContent/Textures/T_Frame_N.uasset"
[2017.07.23-16.50.54:418][  0]LogPackFactory: Copied "../../../Samples/StarterContent/Content/StarterContent/Textures/T_Gradinet_01.uasset" to "../../../../../../Unreal Projects/MyProject/Content/StarterContent/Textures/T_Gradinet_01.uasset"
[2017.07.23-16.50.54:428][  0]LogPackFactory: Copied "../../../Samples/StarterContent/Content/StarterContent/Textures/T_Ground_Grass_D.uasset" to "../../../../../../Unreal Projects/MyProject/Content/StarterContent/Textures/T_Ground_Grass_D.uasset"
[2017.07.23-16.50.54:437][  0]LogPackFactory: Copied "../../../Samples/StarterContent/Content/StarterContent/Textures/T_Ground_Grass_N.uasset" to "../../../../../../Unreal Projects/MyProject/Content/StarterContent/Textures/T_Ground_Grass_N.uasset"
[2017.07.23-16.50.54:447][  0]LogPackFactory: Copied "../../../Samples/StarterContent/Content/StarterContent/Textures/T_Ground_Gravel_D.uasset" to "../../../../../../Unreal Projects/MyProject/Content/StarterContent/Textures/T_Ground_Gravel_D.uasset"
[2017.07.23-16.50.54:454][  0]LogPackFactory: Copied "../../../Samples/StarterContent/Content/StarterContent/Textures/T_Ground_Gravel_N.uasset" to "../../../../../../Unreal Projects/MyProject/Content/StarterContent/Textures/T_Ground_Gravel_N.uasset"
[2017.07.23-16.50.54:464][  0]LogPackFactory: Copied "../../../Samples/StarterContent/Content/StarterContent/Textures/T_ground_Moss_D.uasset" to "../../../../../../Unreal Projects/MyProject/Content/StarterContent/Textures/T_ground_Moss_D.uasset"
[2017.07.23-16.50.54:472][  0]LogPackFactory: Copied "../../../Samples/StarterContent/Content/StarterContent/Textures/T_Ground_Moss_N.uasset" to "../../../../../../Unreal Projects/MyProject/Content/StarterContent/Textures/T_Ground_Moss_N.uasset"
[2017.07.23-16.50.54:477][  0]LogPackFactory: Copied "../../../Samples/StarterContent/Content/StarterContent/Textures/T_Lamp_M.uasset" to "../../../../../../Unreal Projects/MyProject/Content/StarterContent/Textures/T_Lamp_M.uasset"
[2017.07.23-16.50.54:481][  0]LogPackFactory: Copied "../../../Samples/StarterContent/Content/StarterContent/Textures/T_Lamp_N.uasset" to "../../../../../../Unreal Projects/MyProject/Content/StarterContent/Textures/T_Lamp_N.uasset"
[2017.07.23-16.50.54:490][  0]LogPackFactory: Copied "../../../Samples/StarterContent/Content/StarterContent/Textures/T_MacroVariation.uasset" to "../../../../../../Unreal Projects/MyProject/Content/StarterContent/Textures/T_MacroVariation.uasset"
[2017.07.23-16.50.54:499][  0]LogPackFactory: Copied "../../../Samples/StarterContent/Content/StarterContent/Textures/T_Metal_Aluminum_D.uasset" to "../../../../../../Unreal Projects/MyProject/Content/StarterContent/Textures/T_Metal_Aluminum_D.uasset"
[2017.07.23-16.50.54:507][  0]LogPackFactory: Copied "../../../Samples/StarterContent/Content/StarterContent/Textures/T_Metal_Copper_D.uasset" to "../../../../../../Unreal Projects/MyProject/Content/StarterContent/Textures/T_Metal_Copper_D.uasset"
[2017.07.23-16.50.54:515][  0]LogPackFactory: Copied "../../../Samples/StarterContent/Content/StarterContent/Textures/T_Metal_Gold_D.uasset" to "../../../../../../Unreal Projects/MyProject/Content/StarterContent/Textures/T_Metal_Gold_D.uasset"
[2017.07.23-16.50.54:521][  0]LogPackFactory: Copied "../../../Samples/StarterContent/Content/StarterContent/Textures/T_Metal_Gold_N.uasset" to "../../../../../../Unreal Projects/MyProject/Content/StarterContent/Textures/T_Metal_Gold_N.uasset"
[2017.07.23-16.50.54:530][  0]LogPackFactory: Copied "../../../Samples/StarterContent/Content/StarterContent/Textures/T_Metal_Rust_D.uasset" to "../../../../../../Unreal Projects/MyProject/Content/StarterContent/Textures/T_Metal_Rust_D.uasset"
[2017.07.23-16.50.54:538][  0]LogPackFactory: Copied "../../../Samples/StarterContent/Content/StarterContent/Textures/T_Metal_Rust_N.uasset" to "../../../../../../Unreal Projects/MyProject/Content/StarterContent/Textures/T_Metal_Rust_N.uasset"
[2017.07.23-16.50.54:544][  0]LogPackFactory: Copied "../../../Samples/StarterContent/Content/StarterContent/Textures/T_Metal_Steel_D.uasset" to "../../../../../../Unreal Projects/MyProject/Content/StarterContent/Textures/T_Metal_Steel_D.uasset"
[2017.07.23-16.50.54:550][  0]LogPackFactory: Copied "../../../Samples/StarterContent/Content/StarterContent/Textures/T_Metal_Steel_N.uasset" to "../../../../../../Unreal Projects/MyProject/Content/StarterContent/Textures/T_Metal_Steel_N.uasset"
[2017.07.23-16.50.54:560][  0]LogPackFactory: Copied "../../../Samples/StarterContent/Content/StarterContent/Textures/T_Perlin_Noise_M.uasset" to "../../../../../../Unreal Projects/MyProject/Content/StarterContent/Textures/T_Perlin_Noise_M.uasset"
[2017.07.23-16.50.54:565][  0]LogPackFactory: Copied "../../../Samples/StarterContent/Content/StarterContent/Textures/T_RockMesh_M.uasset" to "../../../../../../Unreal Projects/MyProject/Content/StarterContent/Textures/T_RockMesh_M.uasset"
[2017.07.23-16.50.54:571][  0]LogPackFactory: Copied "../../../Samples/StarterContent/Content/StarterContent/Textures/T_RockMesh_N.uasset" to "../../../../../../Unreal Projects/MyProject/Content/StarterContent/Textures/T_RockMesh_N.uasset"
[2017.07.23-16.50.54:581][  0]LogPackFactory: Copied "../../../Samples/StarterContent/Content/StarterContent/Textures/T_Rock_Basalt_D.uasset" to "../../../../../../Unreal Projects/MyProject/Content/StarterContent/Textures/T_Rock_Basalt_D.uasset"
[2017.07.23-16.50.54:589][  0]LogPackFactory: Copied "../../../Samples/StarterContent/Content/StarterContent/Textures/T_Rock_Basalt_N.uasset" to "../../../../../../Unreal Projects/MyProject/Content/StarterContent/Textures/T_Rock_Basalt_N.uasset"
[2017.07.23-16.50.54:595][  0]LogPackFactory: Copied "../../../Samples/StarterContent/Content/StarterContent/Textures/T_Rock_Marble_Polished_D.uasset" to "../../../../../../Unreal Projects/MyProject/Content/StarterContent/Textures/T_Rock_Marble_Polished_D.uasset"
[2017.07.23-16.50.54:603][  0]LogPackFactory: Copied "../../../Samples/StarterContent/Content/StarterContent/Textures/T_Rock_Sandstone_D.uasset" to "../../../../../../Unreal Projects/MyProject/Content/StarterContent/Textures/T_Rock_Sandstone_D.uasset"
[2017.07.23-16.50.54:612][  0]LogPackFactory: Copied "../../../Samples/StarterContent/Content/StarterContent/Textures/T_Rock_Sandstone_N.uasset" to "../../../../../../Unreal Projects/MyProject/Content/StarterContent/Textures/T_Rock_Sandstone_N.uasset"
[2017.07.23-16.50.54:623][  0]LogPackFactory: Copied "../../../Samples/StarterContent/Content/StarterContent/Textures/T_Rock_Slate_D.uasset" to "../../../../../../Unreal Projects/MyProject/Content/StarterContent/Textures/T_Rock_Slate_D.uasset"
[2017.07.23-16.50.54:631][  0]LogPackFactory: Copied "../../../Samples/StarterContent/Content/StarterContent/Textures/T_Rock_Slate_N.uasset" to "../../../../../../Unreal Projects/MyProject/Content/StarterContent/Textures/T_Rock_Slate_N.uasset"
[2017.07.23-16.50.54:639][  0]LogPackFactory: Copied "../../../Samples/StarterContent/Content/StarterContent/Textures/T_Rock_Smooth_Granite_D.uasset" to "../../../../../../Unreal Projects/MyProject/Content/StarterContent/Textures/T_Rock_Smooth_Granite_D.uasset"
[2017.07.23-16.50.54:643][  0]LogPackFactory: Copied "../../../Samples/StarterContent/Content/StarterContent/Textures/T_Shelf_M.uasset" to "../../../../../../Unreal Projects/MyProject/Content/StarterContent/Textures/T_Shelf_M.uasset"
[2017.07.23-16.50.54:647][  0]LogPackFactory: Copied "../../../Samples/StarterContent/Content/StarterContent/Textures/T_Shelf_N.uasset" to "../../../../../../Unreal Projects/MyProject/Content/StarterContent/Textures/T_Shelf_N.uasset"
[2017.07.23-16.50.54:649][  0]LogPackFactory: Copied "../../../Samples/StarterContent/Content/StarterContent/Textures/T_Single_Tile_N.uasset" to "../../../../../../Unreal Projects/MyProject/Content/StarterContent/Textures/T_Single_Tile_N.uasset"
[2017.07.23-16.50.54:653][  0]LogPackFactory: Copied "../../../Samples/StarterContent/Content/StarterContent/Textures/T_Smoke_SubUV.uasset" to "../../../../../../Unreal Projects/MyProject/Content/StarterContent/Textures/T_Smoke_SubUV.uasset"
[2017.07.23-16.50.54:658][  0]LogPackFactory: Copied "../../../Samples/StarterContent/Content/StarterContent/Textures/T_Smoke_Tiled_D.uasset" to "../../../../../../Unreal Projects/MyProject/Content/StarterContent/Textures/T_Smoke_Tiled_D.uasset"
[2017.07.23-16.50.54:661][  0]LogPackFactory: Copied "../../../Samples/StarterContent/Content/StarterContent/Textures/T_Spark_Core.uasset" to "../../../../../../Unreal Projects/MyProject/Content/StarterContent/Textures/T_Spark_Core.uasset"
[2017.07.23-16.50.54:664][  0]LogPackFactory: Copied "../../../Samples/StarterContent/Content/StarterContent/Textures/T_Statue_M.uasset" to "../../../../../../Unreal Projects/MyProject/Content/StarterContent/Textures/T_Statue_M.uasset"
[2017.07.23-16.50.54:668][  0]LogPackFactory: Copied "../../../Samples/StarterContent/Content/StarterContent/Textures/T_Statue_N.uasset" to "../../../../../../Unreal Projects/MyProject/Content/StarterContent/Textures/T_Statue_N.uasset"
[2017.07.23-16.50.54:672][  0]LogPackFactory: Copied "../../../Samples/StarterContent/Content/StarterContent/Textures/T_TableRound_M.uasset" to "../../../../../../Unreal Projects/MyProject/Content/StarterContent/Textures/T_TableRound_M.uasset"
[2017.07.23-16.50.54:677][  0]LogPackFactory: Copied "../../../Samples/StarterContent/Content/StarterContent/Textures/T_TableRound_N.uasset" to "../../../../../../Unreal Projects/MyProject/Content/StarterContent/Textures/T_TableRound_N.uasset"
[2017.07.23-16.50.54:680][  0]LogPackFactory: Copied "../../../Samples/StarterContent/Content/StarterContent/Textures/T_Tech_Dot_M.uasset" to "../../../../../../Unreal Projects/MyProject/Content/StarterContent/Textures/T_Tech_Dot_M.uasset"
[2017.07.23-16.50.54:684][  0]LogPackFactory: Copied "../../../Samples/StarterContent/Content/StarterContent/Textures/T_Tech_Dot_N.uasset" to "../../../../../../Unreal Projects/MyProject/Content/StarterContent/Textures/T_Tech_Dot_N.uasset"
[2017.07.23-16.50.54:687][  0]LogPackFactory: Copied "../../../Samples/StarterContent/Content/StarterContent/Textures/T_Tech_Hex_Tile_M.uasset" to "../../../../../../Unreal Projects/MyProject/Content/StarterContent/Textures/T_Tech_Hex_Tile_M.uasset"
[2017.07.23-16.50.54:693][  0]LogPackFactory: Copied "../../../Samples/StarterContent/Content/StarterContent/Textures/T_Tech_Hex_Tile_N.uasset" to "../../../../../../Unreal Projects/MyProject/Content/StarterContent/Textures/T_Tech_Hex_Tile_N.uasset"
[2017.07.23-16.50.54:697][  0]LogPackFactory: Copied "../../../Samples/StarterContent/Content/StarterContent/Textures/T_Tech_Panel_M.uasset" to "../../../../../../Unreal Projects/MyProject/Content/StarterContent/Textures/T_Tech_Panel_M.uasset"
[2017.07.23-16.50.54:701][  0]LogPackFactory: Copied "../../../Samples/StarterContent/Content/StarterContent/Textures/T_Tech_Panel_N.uasset" to "../../../../../../Unreal Projects/MyProject/Content/StarterContent/Textures/T_Tech_Panel_N.uasset"
[2017.07.23-16.50.54:705][  0]LogPackFactory: Copied "../../../Samples/StarterContent/Content/StarterContent/Textures/T_Water_M.uasset" to "../../../../../../Unreal Projects/MyProject/Content/StarterContent/Textures/T_Water_M.uasset"
[2017.07.23-16.50.54:710][  0]LogPackFactory: Copied "../../../Samples/StarterContent/Content/StarterContent/Textures/T_Water_N.uasset" to "../../../../../../Unreal Projects/MyProject/Content/StarterContent/Textures/T_Water_N.uasset"
[2017.07.23-16.50.54:717][  0]LogPackFactory: Copied "../../../Samples/StarterContent/Content/StarterContent/Textures/T_Wood_Floor_Walnut_D.uasset" to "../../../../../../Unreal Projects/MyProject/Content/StarterContent/Textures/T_Wood_Floor_Walnut_D.uasset"
[2017.07.23-16.50.54:722][  0]LogPackFactory: Copied "../../../Samples/StarterContent/Content/StarterContent/Textures/T_Wood_Floor_Walnut_M.uasset" to "../../../../../../Unreal Projects/MyProject/Content/StarterContent/Textures/T_Wood_Floor_Walnut_M.uasset"
[2017.07.23-16.50.54:728][  0]LogPackFactory: Copied "../../../Samples/StarterContent/Content/StarterContent/Textures/T_Wood_Floor_Walnut_N.uasset" to "../../../../../../Unreal Projects/MyProject/Content/StarterContent/Textures/T_Wood_Floor_Walnut_N.uasset"
[2017.07.23-16.50.54:735][  0]LogPackFactory: Copied "../../../Samples/StarterContent/Content/StarterContent/Textures/T_Wood_Oak_D.uasset" to "../../../../../../Unreal Projects/MyProject/Content/StarterContent/Textures/T_Wood_Oak_D.uasset"
[2017.07.23-16.50.54:741][  0]LogPackFactory: Copied "../../../Samples/StarterContent/Content/StarterContent/Textures/T_Wood_Oak_N.uasset" to "../../../../../../Unreal Projects/MyProject/Content/StarterContent/Textures/T_Wood_Oak_N.uasset"
[2017.07.23-16.50.54:749][  0]LogPackFactory: Copied "../../../Samples/StarterContent/Content/StarterContent/Textures/T_Wood_Pine_D.uasset" to "../../../../../../Unreal Projects/MyProject/Content/StarterContent/Textures/T_Wood_Pine_D.uasset"
[2017.07.23-16.50.54:755][  0]LogPackFactory: Copied "../../../Samples/StarterContent/Content/StarterContent/Textures/T_Wood_Pine_N.uasset" to "../../../../../../Unreal Projects/MyProject/Content/StarterContent/Textures/T_Wood_Pine_N.uasset"
[2017.07.23-16.50.54:762][  0]LogPackFactory: Copied "../../../Samples/StarterContent/Content/StarterContent/Textures/T_Wood_Walnut_D.uasset" to "../../../../../../Unreal Projects/MyProject/Content/StarterContent/Textures/T_Wood_Walnut_D.uasset"
[2017.07.23-16.50.54:768][  0]LogPackFactory: Copied "../../../Samples/StarterContent/Content/StarterContent/Textures/T_Wood_Walnut_N.uasset" to "../../../../../../Unreal Projects/MyProject/Content/StarterContent/Textures/T_Wood_Walnut_N.uasset"
[2017.07.23-16.50.54:853][  0]LogRenderer: Reallocating scene render targets to support 256x256 NumSamples 1 (Frame:2).
[2017.07.23-16.50.54:889][  0]Cmd: OBJ SAVEPACKAGE PACKAGE="/Game/StarterContent/Architecture/Floor_400x400" FILE="../../../../../../Unreal Projects/MyProject/Content/StarterContent/Architecture/Floor_400x400.uasset" SILENT=true
[2017.07.23-16.50.54:906][  0]LogSavePackage: Save=11.64ms
[2017.07.23-16.50.54:906][  0]LogSavePackage: Moving '../../../../../../Unreal Projects/MyProject/Saved/Floor_400x400F113F4D24D37B09F87B829B72713FEFA.tmp' to '../../../../../../Unreal Projects/MyProject/Content/StarterContent/Architecture/Floor_400x400.uasset'
[2017.07.23-16.50.54:908][  0]LogSavePackage:Display: Finished SavePackage ../../../../../../Unreal Projects/MyProject/Content/StarterContent/Architecture/Floor_400x400.uasset
[2017.07.23-16.50.54:909][  0]LogFeaturePack:Warning: Inserted 1 feature packs
[2017.07.23-16.50.54:910][  0]Cmd: MAP LOAD FILE="../../../../../../Unreal Projects/MyProject/Content/ThirdPersonBP/Maps/ThirdPersonExampleMap.umap" TEMPLATE=0 SHOWPROGRESS=1 FEATURELEVEL=3
[2017.07.23-16.50.54:910][  0]LightingResults: New page: Lighting Build
[2017.07.23-16.50.54:932][  0]MapCheck: New page: Map Check
[2017.07.23-16.50.54:932][  0]LightingResults: New page: Lighting Build
[2017.07.23-16.50.55:299][  0]LogAIModule: Creating AISystem for world ThirdPersonExampleMap
[2017.07.23-16.50.55:305][  0]LogEditorServer: Finished looking for orphan Actors (0.000 secs)
[2017.07.23-16.50.55:306][  0]Cmd: MAP CHECKDEP NOCLEARLOG
[2017.07.23-16.50.55:335][  0]MapCheck: Info Map check complete: 0 Error(s), 0 Warning(s), took 29.273ms to complete.
[2017.07.23-16.50.55:335][  0]LogFileHelpers: Loading map 'ThirdPersonExampleMap' took 0.425
[2017.07.23-16.50.55:395][  0]LogWindowsTextInputMethodSystem:Display: IME system now deactivated.
[2017.07.23-16.50.55:395][  0]LogWindowsTextInputMethodSystem:Display: IME system now deactivated.
[2017.07.23-16.50.55:489][  0]LogCollectionManager: Loaded 0 collections in 0.000622 seconds
[2017.07.23-16.50.55:568][  0]LogFileCache: Scanning file cache for directory 'D:/Unreal Projects/MyProject/Saved/Collections/' took 0.01s
[2017.07.23-16.50.55:568][  0]LogFileCache: Scanning file cache for directory 'D:/Unreal Projects/MyProject/Content/Developers/Fawaz/Collections/' took 0.01s
[2017.07.23-16.50.55:568][  0]LogFileCache: Scanning file cache for directory 'D:/Unreal Projects/MyProject/Content/Collections/' took 0.01s
[2017.07.23-16.50.55:568][  0]LogCollectionManager: Rebuilt the GUID cache for 0 collections in 0.000002 seconds
[2017.07.23-16.50.55:577][  0]LogContentBrowser: Native class hierarchy populated in 0.0082 seconds. Added 2245 classes and 453 folders.
[2017.07.23-16.50.55:579][  0]LogStats: UGameplayTagsManager::ConstructGameplayTagTree: Construct from data asset -  0.000 s
[2017.07.23-16.50.55:579][  0]LogStats: UGameplayTagsManager::ConstructGameplayTagTree: GameplayTagTreeChangedEvent.Broadcast -  0.000 s
[2017.07.23-16.50.55:617][  0]LogContentBrowser: Native class hierarchy updated for 'WidgetCarousel' in 0.0004 seconds. Added 0 classes and 0 folders.
[2017.07.23-16.50.55:647][  0]LogContentBrowser: Native class hierarchy updated for 'AddContentDialog' in 0.0004 seconds. Added 0 classes and 0 folders.
[2017.07.23-16.50.55:674][  0]LogContentBrowser: Native class hierarchy updated for 'SceneOutliner' in 0.0005 seconds. Added 1 classes and 2 folders.
[2017.07.23-16.50.55:762][  0]LogCrashTracker: Crashtracker disabled due to settings.
[2017.07.23-16.50.55:769][  0]LogUObjectGlobals:Warning: Failed to find object 'Class None.'
[2017.07.23-16.50.55:822][  0]LogContentBrowser: Native class hierarchy updated for 'HierarchicalLODOutliner' in 0.0004 seconds. Added 1 classes and 2 folders.
[2017.07.23-16.50.55:822][  0]LogLoad: (Engine Initialization) Total time: 13.42 seconds
[2017.07.23-16.50.55:822][  0]LogLoad: (Engine Initialization) Total Blueprint compile time: 0.11 seconds
[2017.07.23-16.50.55:822][  0]LogExternalProfiler: Found external profiler: VSPerf
[2017.07.23-16.50.55:822][  0]LogExternalProfiler: Using external profiler: VSPerf
[2017.07.23-16.50.55:838][  0]LogOcInput: OculusInput pre-init called
[2017.07.23-16.50.55:865][  0]LogContentStreaming: Texture pool size now 1000 MB
[2017.07.23-16.50.55:866][  0]LogSlate: Took 0.000159 seconds to synchronously load lazily loaded font '../../../Engine/Content/Slate/Fonts/Roboto-Regular.ttf' (155K)
[2017.07.23-16.50.55:869][  0]LogSlate: Took 0.000160 seconds to synchronously load lazily loaded font '../../../Engine/Content/Slate/Fonts/Roboto-Bold.ttf' (160K)
[2017.07.23-16.50.56:012][  0]LogRenderer: Reallocating scene render targets to support 1076x536 NumSamples 1 (Frame:3).
[2017.07.23-16.50.56:033][  1]LogAssetRegistry: Asset discovery search completed in 7.3881 seconds
[2017.07.23-16.50.56:033][  1]LogCollectionManager: Rebuilt the object cache for 0 collections in 0.000008 seconds (found 0 objects)
[2017.07.23-16.50.56:033][  1]LogCollectionManager: Fixed up redirectors for 0 collections in 0.000028 seconds (updated 0 objects)
[2017.07.23-16.51.16:701][414]LogSourceControl:Error: '../../../../../../Unreal Projects/MyProject/' is not part of a Git repository
[2017.07.23-16.53.48:441][334]SourceControl: Info On branch master
[2017.07.23-16.53.48:441][334]SourceControl: Info nothing to commit, working tree clean
[2017.07.23-16.54.53:469][160]LogSlate: Took 0.000128 seconds to synchronously load lazily loaded font '../../../Engine/Content/Editor/Slate/Fonts/FontAwesome.ttf' (139K)
[2017.07.23-16.54.53:479][160]LogSlate: Took 0.000144 seconds to synchronously load lazily loaded font '../../../Engine/Content/Slate/Fonts/Roboto-Light.ttf' (159K)
[2017.07.23-16.55.05:730][567]LogSlate: Took 0.000183 seconds to synchronously load lazily loaded font '../../../Engine/Content/Slate/Fonts/Roboto-Light.ttf' (159K)
[2017.07.23-16.55.11:951][ 35]SourceControl: Info fatal: D:/Program Files/Epic Games/UE_4.15/Engine/Content/: 'D:/Program Files/Epic Games/UE_4.15/Engine/Content/' is outside repository
[2017.07.23-16.55.12:005][ 35]LogPackageName:Error: Illegal call to DoesPackageExist: '../../../../../../Unreal Projects/MyProject/MyProject.uproject' is not a standard unreal filename or a long path name. Reason: Path should be no less than 4 characters long.
[2017.07.23-16.55.12:108][ 35]LogStats: FPlatformStackWalk::StackWalkAndDump -  0.102 s
[2017.07.23-16.55.12:108][ 35]LogOutputDevice:Error: === Handled ensure: ===
[2017.07.23-16.55.12:108][ 35]LogOutputDevice:Error: 
[2017.07.23-16.55.12:108][ 35]LogOutputDevice:Error: Ensure condition failed: false [File:D:\Build\++UE4+Release-4.15+Compile\Sync\Engine\Source\Runtime\CoreUObject\Private\Misc\PackageName.cpp] [Line: 650]
[2017.07.23-16.55.12:108][ 35]LogOutputDevice:Error: Illegal call to DoesPackageExist: '../../../../../../Unreal Projects/MyProject/MyProject.uproject' is not a standard unreal filename or a long path name. Reason: Path should be no less than 4 characters long.
[2017.07.23-16.55.12:108][ 35]LogOutputDevice:Error: Stack: 
[2017.07.23-16.55.12:108][ 35]LogOutputDevice:Error: UE4Editor-Core.dll!0x00000000F6DF95E6
[2017.07.23-16.55.12:108][ 35]LogOutputDevice:Error: UE4Editor-Core.dll!0x00000000F6BA9B82
[2017.07.23-16.55.12:108][ 35]LogOutputDevice:Error: UE4Editor-Core.dll!0x00000000F6BBB666
[2017.07.23-16.55.12:108][ 35]LogOutputDevice:Error: UE4Editor-CoreUObject.dll!0x00000000F658A6B8
[2017.07.23-16.55.12:108][ 35]LogOutputDevice:Error: UE4Editor-SourceControl.dll!0x00000000E5333D22
[2017.07.23-16.55.12:108][ 35]LogOutputDevice:Error: UE4Editor-SourceControl.dll!0x00000000E5333EB9
[2017.07.23-16.55.12:108][ 35]LogOutputDevice:Error: UE4Editor-SourceControlWindows.dll!0x00000000E2C31D2E
[2017.07.23-16.55.12:108][ 35]LogOutputDevice:Error: UE4Editor-SourceControlWindows.dll!0x00000000E2BEB4B5
[2017.07.23-16.55.12:108][ 35]LogOutputDevice:Error: UE4Editor-SourceControlWindows.dll!0x00000000E2BEAA8D
[2017.07.23-16.55.12:108][ 35]LogOutputDevice:Error: UE4Editor-SourceControlWindows.dll!0x00000000E2BFF274
[2017.07.23-16.55.12:108][ 35]LogOutputDevice:Error: UE4Editor-GitSourceControl.dll!0x00000000D9FFB851
[2017.07.23-16.55.12:108][ 35]LogOutputDevice:Error: UE4Editor-GitSourceControl.dll!0x00000000DA00D1ED
[2017.07.23-16.55.12:108][ 35]LogOutputDevice:Error: UE4Editor-SourceControl.dll!0x00000000E5339C5C
[2017.07.23-16.55.12:108][ 35]LogOutputDevice:Error: UE4Editor-UnrealEd.dll!0x00000000F3D67517
[2017.07.23-16.55.12:108][ 35]LogOutputDevice:Error: UE4Editor-UnrealEd.dll!0x00000000F4572086
[2017.07.23-16.55.12:108][ 35]LogOutputDevice:Error: UE4Editor.exe!0x00000000AFB9DEE3
[2017.07.23-16.55.12:108][ 35]LogOutputDevice:Error: UE4Editor.exe!0x00000000AFB8EB40
[2017.07.23-16.55.12:108][ 35]LogOutputDevice:Error: UE4Editor.exe!0x00000000AFB8EBBA
[2017.07.23-16.55.12:108][ 35]LogOutputDevice:Error: UE4Editor.exe!0x00000000AFBA0A29
[2017.07.23-16.55.12:108][ 35]LogOutputDevice:Error: UE4Editor.exe!0x00000000AFBA22B6
[2017.07.23-16.55.12:108][ 35]LogOutputDevice:Error: KERNEL32.DLL!0x000000006FFE2774
[2017.07.23-16.55.12:108][ 35]LogOutputDevice:Error: ntdll.dll!0x0000000071880D51
[2017.07.23-16.55.12:108][ 35]LogOutputDevice:Error: 
[2017.07.23-16.55.12:111][ 35]LogStats:                SubmitErrorReport -  0.000 s
